<?xml version="1.0" encoding="UTF-8" ?>
<testsuite tests="261" failures="0" name="step_definitions.RunCukesTest" time="7.268" errors="36" skipped="46">
  <properties>
[...]
</properties>
  <testcase classname="Scenario: User Login" name="Given User login with google" time="0.01"/>
  <testcase classname="Scenario: User Login" name="When User input &quot;zeinazhar12@gmail.com&quot; as email" time="0"/>
  <testcase classname="Scenario: User Login" name="And User click button selanjutnya" time="0"/>
  <testcase classname="Scenario: User Login" name="When User input &quot;T25121998&quot; as password" time="0"/>
  <testcase classname="Scenario: User Login" name="And User click button selanjutnya" time="0"/>
  <testcase classname="Scenario: User Login" name="Scenario: User Login" time="0.918"/>
  <testcase classname="Scenario: User add normal list" name="Given User login with google" time="0"/>
  <testcase classname="Scenario: User add normal list" name="When User input &quot;zeinazhar12@gmail.com&quot; as email" time="0.001"/>
  <testcase classname="Scenario: User add normal list" name="And User click button selanjutnya" time="0"/>
  <testcase classname="Scenario: User add normal list" name="When User input &quot;T25121998&quot; as password" time="0"/>
  <testcase classname="Scenario: User add normal list" name="And User click button selanjutnya" time="0"/>
  <testcase classname="Scenario: User add normal list" name="And User click ticket card at teams" time="0"/>
  <testcase classname="Scenario: User add normal list" name="And User click card board" time="0"/>
  <testcase classname="Scenario: User add normal list" name="And User click logo add list" time="0">
    <error message="no such element: Unable to locate element: {&quot;method&quot;:&quot;xpath&quot;,&quot;selector&quot;:&quot;//button[@class=&apos;btn btn-outline-dark btn-block btn-sm&apos;]&quot;}
  (Session info: chrome=100.0.4896.88)
For documentation on this error, please visit: https://selenium.dev/exceptions/#no_such_element
Build info: version: &apos;4.1.2&apos;, revision: &apos;9a5a329c5a&apos;
System info: host: &apos;DESKTOP-93HN0V0&apos;, ip: &apos;192.168.100.232&apos;, os.name: &apos;Windows 10&apos;, os.arch: &apos;amd64&apos;, os.version: &apos;10.0&apos;, java.version: &apos;1.8.0_311&apos;
Driver info: org.openqa.selenium.chrome.ChromeDriver
Command: [145b8d7c646bb0d3ce16279975d170da, findElement {using=xpath, value=//button[@class=&apos;btn btn-outline-dark btn-block btn-sm&apos;]}]
Capabilities {acceptInsecureCerts: false, browserName: chrome, browserVersion: 100.0.4896.88, chrome: {chromedriverVersion: 100.0.4896.60 (6a5d10861ce8..., userDataDir: C:\Users\TELKOM\AppData\Loc...}, goog:chromeOptions: {debuggerAddress: localhost:65465}, javascriptEnabled: true, networkConnectionEnabled: false, pageLoadStrategy: normal, platform: WINDOWS, platformName: WINDOWS, proxy: Proxy(), se:cdp: ws://localhost:65465/devtoo..., se:cdpVersion: 100.0.4896.88, setWindowRect: true, strictFileInteractability: false, timeouts: {implicit: 0, pageLoad: 300000, script: 30000}, unhandledPromptBehavior: dismiss and notify, webauthn:extension:credBlob: true, webauthn:extension:largeBlob: true, webauthn:virtualAuthenticators: true}
Session ID: 145b8d7c646bb0d3ce16279975d170da" type="org.openqa.selenium.NoSuchElementException">org.openqa.selenium.NoSuchElementException: no such element: Unable to locate element: {&quot;method&quot;:&quot;xpath&quot;,&quot;selector&quot;:&quot;//button[@class=&apos;btn btn-outline-dark btn-block btn-sm&apos;]&quot;}
  (Session info: chrome=100.0.4896.88)
For documentation on this error, please visit: https://selenium.dev/exceptions/#no_such_element
Build info: version: &apos;4.1.2&apos;, revision: &apos;9a5a329c5a&apos;
System info: host: &apos;DESKTOP-93HN0V0&apos;, ip: &apos;192.168.100.232&apos;, os.name: &apos;Windows 10&apos;, os.arch: &apos;amd64&apos;, os.version: &apos;10.0&apos;, java.version: &apos;1.8.0_311&apos;
Driver info: org.openqa.selenium.chrome.ChromeDriver
Command: [145b8d7c646bb0d3ce16279975d170da, findElement {using=xpath, value=//button[@class=&apos;btn btn-outline-dark btn-block btn-sm&apos;]}]
Capabilities {acceptInsecureCerts: false, browserName: chrome, browserVersion: 100.0.4896.88, chrome: {chromedriverVersion: 100.0.4896.60 (6a5d10861ce8..., userDataDir: C:\Users\TELKOM\AppData\Loc...}, goog:chromeOptions: {debuggerAddress: localhost:65465}, javascriptEnabled: true, networkConnectionEnabled: false, pageLoadStrategy: normal, platform: WINDOWS, platformName: WINDOWS, proxy: Proxy(), se:cdp: ws://localhost:65465/devtoo..., se:cdpVersion: 100.0.4896.88, setWindowRect: true, strictFileInteractability: false, timeouts: {implicit: 0, pageLoad: 300000, script: 30000}, unhandledPromptBehavior: dismiss and notify, webauthn:extension:credBlob: true, webauthn:extension:largeBlob: true, webauthn:virtualAuthenticators: true}
Session ID: 145b8d7c646bb0d3ce16279975d170da
	at sun.reflect.NativeConstructorAccessorImpl.newInstance0(Native Method)
	at sun.reflect.NativeConstructorAccessorImpl.newInstance(NativeConstructorAccessorImpl.java:62)
	at sun.reflect.DelegatingConstructorAccessorImpl.newInstance(DelegatingConstructorAccessorImpl.java:45)
	at java.lang.reflect.Constructor.newInstance(Constructor.java:423)
	at org.openqa.selenium.remote.codec.w3c.W3CHttpResponseCodec.createException(W3CHttpResponseCodec.java:200)
	at org.openqa.selenium.remote.codec.w3c.W3CHttpResponseCodec.decode(W3CHttpResponseCodec.java:133)
	at org.openqa.selenium.remote.codec.w3c.W3CHttpResponseCodec.decode(W3CHttpResponseCodec.java:53)
	at org.openqa.selenium.remote.HttpCommandExecutor.execute(HttpCommandExecutor.java:184)
	at org.openqa.selenium.remote.service.DriverCommandExecutor.invokeExecute(DriverCommandExecutor.java:167)
	at org.openqa.selenium.remote.service.DriverCommandExecutor.execute(DriverCommandExecutor.java:142)
	at org.openqa.selenium.remote.RemoteWebDriver.execute(RemoteWebDriver.java:558)
	at org.openqa.selenium.remote.ElementLocation$ElementFinder$2.findElement(ElementLocation.java:162)
	at org.openqa.selenium.remote.ElementLocation.findElement(ElementLocation.java:60)
	at org.openqa.selenium.remote.RemoteWebDriver.findElement(RemoteWebDriver.java:382)
	at org.openqa.selenium.remote.RemoteWebDriver.findElement(RemoteWebDriver.java:374)
	at org.openqa.selenium.support.pagefactory.DefaultElementLocator.findElement(DefaultElementLocator.java:70)
	at org.openqa.selenium.support.pagefactory.internal.LocatingElementHandler.invoke(LocatingElementHandler.java:39)
	at com.sun.proxy.$Proxy21.click(Unknown Source)
	at pageObject.board.clickButtonAddList(board.java:165)
	at step_definitions.featureBoard.clickButtonAddList(featureBoard.java:40)
	at ✽.And User click logo add list(features/03-Board.feature:13)
</error>
  </testcase>
  <testcase classname="Scenario: User add normal list" name="Scenario: User add normal list" time="0.015">
    <error message="no such element: Unable to locate element: {&quot;method&quot;:&quot;xpath&quot;,&quot;selector&quot;:&quot;//button[@class=&apos;btn btn-outline-dark btn-block btn-sm&apos;]&quot;}
  (Session info: chrome=100.0.4896.88)
For documentation on this error, please visit: https://selenium.dev/exceptions/#no_such_element
Build info: version: &apos;4.1.2&apos;, revision: &apos;9a5a329c5a&apos;
System info: host: &apos;DESKTOP-93HN0V0&apos;, ip: &apos;192.168.100.232&apos;, os.name: &apos;Windows 10&apos;, os.arch: &apos;amd64&apos;, os.version: &apos;10.0&apos;, java.version: &apos;1.8.0_311&apos;
Driver info: org.openqa.selenium.chrome.ChromeDriver
Command: [145b8d7c646bb0d3ce16279975d170da, findElement {using=xpath, value=//button[@class=&apos;btn btn-outline-dark btn-block btn-sm&apos;]}]
Capabilities {acceptInsecureCerts: false, browserName: chrome, browserVersion: 100.0.4896.88, chrome: {chromedriverVersion: 100.0.4896.60 (6a5d10861ce8..., userDataDir: C:\Users\TELKOM\AppData\Loc...}, goog:chromeOptions: {debuggerAddress: localhost:65465}, javascriptEnabled: true, networkConnectionEnabled: false, pageLoadStrategy: normal, platform: WINDOWS, platformName: WINDOWS, proxy: Proxy(), se:cdp: ws://localhost:65465/devtoo..., se:cdpVersion: 100.0.4896.88, setWindowRect: true, strictFileInteractability: false, timeouts: {implicit: 0, pageLoad: 300000, script: 30000}, unhandledPromptBehavior: dismiss and notify, webauthn:extension:credBlob: true, webauthn:extension:largeBlob: true, webauthn:virtualAuthenticators: true}
Session ID: 145b8d7c646bb0d3ce16279975d170da" type="org.openqa.selenium.NoSuchElementException">org.openqa.selenium.NoSuchElementException: no such element: Unable to locate element: {&quot;method&quot;:&quot;xpath&quot;,&quot;selector&quot;:&quot;//button[@class=&apos;btn btn-outline-dark btn-block btn-sm&apos;]&quot;}
  (Session info: chrome=100.0.4896.88)
For documentation on this error, please visit: https://selenium.dev/exceptions/#no_such_element
Build info: version: &apos;4.1.2&apos;, revision: &apos;9a5a329c5a&apos;
System info: host: &apos;DESKTOP-93HN0V0&apos;, ip: &apos;192.168.100.232&apos;, os.name: &apos;Windows 10&apos;, os.arch: &apos;amd64&apos;, os.version: &apos;10.0&apos;, java.version: &apos;1.8.0_311&apos;
Driver info: org.openqa.selenium.chrome.ChromeDriver
Command: [145b8d7c646bb0d3ce16279975d170da, findElement {using=xpath, value=//button[@class=&apos;btn btn-outline-dark btn-block btn-sm&apos;]}]
Capabilities {acceptInsecureCerts: false, browserName: chrome, browserVersion: 100.0.4896.88, chrome: {chromedriverVersion: 100.0.4896.60 (6a5d10861ce8..., userDataDir: C:\Users\TELKOM\AppData\Loc...}, goog:chromeOptions: {debuggerAddress: localhost:65465}, javascriptEnabled: true, networkConnectionEnabled: false, pageLoadStrategy: normal, platform: WINDOWS, platformName: WINDOWS, proxy: Proxy(), se:cdp: ws://localhost:65465/devtoo..., se:cdpVersion: 100.0.4896.88, setWindowRect: true, strictFileInteractability: false, timeouts: {implicit: 0, pageLoad: 300000, script: 30000}, unhandledPromptBehavior: dismiss and notify, webauthn:extension:credBlob: true, webauthn:extension:largeBlob: true, webauthn:virtualAuthenticators: true}
Session ID: 145b8d7c646bb0d3ce16279975d170da
	at sun.reflect.NativeConstructorAccessorImpl.newInstance0(Native Method)
	at sun.reflect.NativeConstructorAccessorImpl.newInstance(NativeConstructorAccessorImpl.java:62)
	at sun.reflect.DelegatingConstructorAccessorImpl.newInstance(DelegatingConstructorAccessorImpl.java:45)
	at java.lang.reflect.Constructor.newInstance(Constructor.java:423)
	at org.openqa.selenium.remote.codec.w3c.W3CHttpResponseCodec.createException(W3CHttpResponseCodec.java:200)
	at org.openqa.selenium.remote.codec.w3c.W3CHttpResponseCodec.decode(W3CHttpResponseCodec.java:133)
	at org.openqa.selenium.remote.codec.w3c.W3CHttpResponseCodec.decode(W3CHttpResponseCodec.java:53)
	at org.openqa.selenium.remote.HttpCommandExecutor.execute(HttpCommandExecutor.java:184)
	at org.openqa.selenium.remote.service.DriverCommandExecutor.invokeExecute(DriverCommandExecutor.java:167)
	at org.openqa.selenium.remote.service.DriverCommandExecutor.execute(DriverCommandExecutor.java:142)
	at org.openqa.selenium.remote.RemoteWebDriver.execute(RemoteWebDriver.java:558)
	at org.openqa.selenium.remote.ElementLocation$ElementFinder$2.findElement(ElementLocation.java:162)
	at org.openqa.selenium.remote.ElementLocation.findElement(ElementLocation.java:60)
	at org.openqa.selenium.remote.RemoteWebDriver.findElement(RemoteWebDriver.java:382)
	at org.openqa.selenium.remote.RemoteWebDriver.findElement(RemoteWebDriver.java:374)
	at org.openqa.selenium.support.pagefactory.DefaultElementLocator.findElement(DefaultElementLocator.java:70)
	at org.openqa.selenium.support.pagefactory.internal.LocatingElementHandler.invoke(LocatingElementHandler.java:39)
	at com.sun.proxy.$Proxy21.click(Unknown Source)
	at pageObject.board.clickButtonAddList(board.java:165)
	at step_definitions.featureBoard.clickButtonAddList(featureBoard.java:40)
	at ✽.And User click logo add list(features/03-Board.feature:13)
</error>
  </testcase>
  <testcase classname="Scenario: User add normal list" name="When User input &quot;First List&quot; as list name" time="0.015">
    <skipped/>
  </testcase>
  <testcase classname="Scenario: User add normal list" name="And User click button create" time="0.015">
    <skipped/>
  </testcase>
  <testcase classname="Scenario: User add normal list" name="Then User will see new list has been inputed" time="0.015">
    <skipped/>
  </testcase>
  <testcase classname="Scenario: User add normal card" name="Given User login with google" time="0"/>
  <testcase classname="Scenario: User add normal card" name="When User input &quot;zeinazhar12@gmail.com&quot; as email" time="0"/>
  <testcase classname="Scenario: User add normal card" name="And User click button selanjutnya" time="0"/>
  <testcase classname="Scenario: User add normal card" name="When User input &quot;T25121998&quot; as password" time="0"/>
  <testcase classname="Scenario: User add normal card" name="And User click button selanjutnya" time="0"/>
  <testcase classname="Scenario: User add normal card" name="And User click ticket card at teams" time="0"/>
  <testcase classname="Scenario: User add normal card" name="And User click card board" time="0"/>
  <testcase classname="Scenario: User add normal card" name="And User click logo add card" time="0">
    <error message="no such element: Unable to locate element: {&quot;method&quot;:&quot;xpath&quot;,&quot;selector&quot;:&quot;//div[@class=&apos;ListContainer_ListContainer__outerList__1PG0-&apos;]/div[1]//div[@class=&apos;ListContainer_ListContainer__buttonBottom__2kZAI&apos;]&quot;}
  (Session info: chrome=100.0.4896.88)
For documentation on this error, please visit: https://selenium.dev/exceptions/#no_such_element
Build info: version: &apos;4.1.2&apos;, revision: &apos;9a5a329c5a&apos;
System info: host: &apos;DESKTOP-93HN0V0&apos;, ip: &apos;192.168.100.232&apos;, os.name: &apos;Windows 10&apos;, os.arch: &apos;amd64&apos;, os.version: &apos;10.0&apos;, java.version: &apos;1.8.0_311&apos;
Driver info: org.openqa.selenium.chrome.ChromeDriver
Command: [c4020b8456f94678e38962ef0c14a231, findElement {using=xpath, value=//div[@class=&apos;ListContainer_ListContainer__outerList__1PG0-&apos;]/div[1]//div[@class=&apos;ListContainer_ListContainer__buttonBottom__2kZAI&apos;]}]
Capabilities {acceptInsecureCerts: false, browserName: chrome, browserVersion: 100.0.4896.88, chrome: {chromedriverVersion: 100.0.4896.60 (6a5d10861ce8..., userDataDir: C:\Users\TELKOM\AppData\Loc...}, goog:chromeOptions: {debuggerAddress: localhost:49165}, javascriptEnabled: true, networkConnectionEnabled: false, pageLoadStrategy: normal, platform: WINDOWS, platformName: WINDOWS, proxy: Proxy(), se:cdp: ws://localhost:49165/devtoo..., se:cdpVersion: 100.0.4896.88, setWindowRect: true, strictFileInteractability: false, timeouts: {implicit: 0, pageLoad: 300000, script: 30000}, unhandledPromptBehavior: dismiss and notify, webauthn:extension:credBlob: true, webauthn:extension:largeBlob: true, webauthn:virtualAuthenticators: true}
Session ID: c4020b8456f94678e38962ef0c14a231" type="org.openqa.selenium.NoSuchElementException">org.openqa.selenium.NoSuchElementException: no such element: Unable to locate element: {&quot;method&quot;:&quot;xpath&quot;,&quot;selector&quot;:&quot;//div[@class=&apos;ListContainer_ListContainer__outerList__1PG0-&apos;]/div[1]//div[@class=&apos;ListContainer_ListContainer__buttonBottom__2kZAI&apos;]&quot;}
  (Session info: chrome=100.0.4896.88)
For documentation on this error, please visit: https://selenium.dev/exceptions/#no_such_element
Build info: version: &apos;4.1.2&apos;, revision: &apos;9a5a329c5a&apos;
System info: host: &apos;DESKTOP-93HN0V0&apos;, ip: &apos;192.168.100.232&apos;, os.name: &apos;Windows 10&apos;, os.arch: &apos;amd64&apos;, os.version: &apos;10.0&apos;, java.version: &apos;1.8.0_311&apos;
Driver info: org.openqa.selenium.chrome.ChromeDriver
Command: [c4020b8456f94678e38962ef0c14a231, findElement {using=xpath, value=//div[@class=&apos;ListContainer_ListContainer__outerList__1PG0-&apos;]/div[1]//div[@class=&apos;ListContainer_ListContainer__buttonBottom__2kZAI&apos;]}]
Capabilities {acceptInsecureCerts: false, browserName: chrome, browserVersion: 100.0.4896.88, chrome: {chromedriverVersion: 100.0.4896.60 (6a5d10861ce8..., userDataDir: C:\Users\TELKOM\AppData\Loc...}, goog:chromeOptions: {debuggerAddress: localhost:49165}, javascriptEnabled: true, networkConnectionEnabled: false, pageLoadStrategy: normal, platform: WINDOWS, platformName: WINDOWS, proxy: Proxy(), se:cdp: ws://localhost:49165/devtoo..., se:cdpVersion: 100.0.4896.88, setWindowRect: true, strictFileInteractability: false, timeouts: {implicit: 0, pageLoad: 300000, script: 30000}, unhandledPromptBehavior: dismiss and notify, webauthn:extension:credBlob: true, webauthn:extension:largeBlob: true, webauthn:virtualAuthenticators: true}
Session ID: c4020b8456f94678e38962ef0c14a231
	at sun.reflect.NativeConstructorAccessorImpl.newInstance0(Native Method)
	at sun.reflect.NativeConstructorAccessorImpl.newInstance(NativeConstructorAccessorImpl.java:62)
	at sun.reflect.DelegatingConstructorAccessorImpl.newInstance(DelegatingConstructorAccessorImpl.java:45)
	at java.lang.reflect.Constructor.newInstance(Constructor.java:423)
	at org.openqa.selenium.remote.codec.w3c.W3CHttpResponseCodec.createException(W3CHttpResponseCodec.java:200)
	at org.openqa.selenium.remote.codec.w3c.W3CHttpResponseCodec.decode(W3CHttpResponseCodec.java:133)
	at org.openqa.selenium.remote.codec.w3c.W3CHttpResponseCodec.decode(W3CHttpResponseCodec.java:53)
	at org.openqa.selenium.remote.HttpCommandExecutor.execute(HttpCommandExecutor.java:184)
	at org.openqa.selenium.remote.service.DriverCommandExecutor.invokeExecute(DriverCommandExecutor.java:167)
	at org.openqa.selenium.remote.service.DriverCommandExecutor.execute(DriverCommandExecutor.java:142)
	at org.openqa.selenium.remote.RemoteWebDriver.execute(RemoteWebDriver.java:558)
	at org.openqa.selenium.remote.ElementLocation$ElementFinder$2.findElement(ElementLocation.java:162)
	at org.openqa.selenium.remote.ElementLocation.findElement(ElementLocation.java:60)
	at org.openqa.selenium.remote.RemoteWebDriver.findElement(RemoteWebDriver.java:382)
	at org.openqa.selenium.remote.RemoteWebDriver.findElement(RemoteWebDriver.java:374)
	at org.openqa.selenium.support.pagefactory.DefaultElementLocator.findElement(DefaultElementLocator.java:70)
	at org.openqa.selenium.support.pagefactory.internal.LocatingElementHandler.invoke(LocatingElementHandler.java:39)
	at com.sun.proxy.$Proxy21.click(Unknown Source)
	at pageObject.board.clickButtonAddCard(board.java:197)
	at step_definitions.featureBoard.clickButtonAddCard(featureBoard.java:67)
	at ✽.And User click logo add card(features/03-Board.feature:26)
</error>
  </testcase>
  <testcase classname="Scenario: User add normal card" name="Scenario: User add normal card" time="0">
    <error message="no such element: Unable to locate element: {&quot;method&quot;:&quot;xpath&quot;,&quot;selector&quot;:&quot;//div[@class=&apos;ListContainer_ListContainer__outerList__1PG0-&apos;]/div[1]//div[@class=&apos;ListContainer_ListContainer__buttonBottom__2kZAI&apos;]&quot;}
  (Session info: chrome=100.0.4896.88)
For documentation on this error, please visit: https://selenium.dev/exceptions/#no_such_element
Build info: version: &apos;4.1.2&apos;, revision: &apos;9a5a329c5a&apos;
System info: host: &apos;DESKTOP-93HN0V0&apos;, ip: &apos;192.168.100.232&apos;, os.name: &apos;Windows 10&apos;, os.arch: &apos;amd64&apos;, os.version: &apos;10.0&apos;, java.version: &apos;1.8.0_311&apos;
Driver info: org.openqa.selenium.chrome.ChromeDriver
Command: [c4020b8456f94678e38962ef0c14a231, findElement {using=xpath, value=//div[@class=&apos;ListContainer_ListContainer__outerList__1PG0-&apos;]/div[1]//div[@class=&apos;ListContainer_ListContainer__buttonBottom__2kZAI&apos;]}]
Capabilities {acceptInsecureCerts: false, browserName: chrome, browserVersion: 100.0.4896.88, chrome: {chromedriverVersion: 100.0.4896.60 (6a5d10861ce8..., userDataDir: C:\Users\TELKOM\AppData\Loc...}, goog:chromeOptions: {debuggerAddress: localhost:49165}, javascriptEnabled: true, networkConnectionEnabled: false, pageLoadStrategy: normal, platform: WINDOWS, platformName: WINDOWS, proxy: Proxy(), se:cdp: ws://localhost:49165/devtoo..., se:cdpVersion: 100.0.4896.88, setWindowRect: true, strictFileInteractability: false, timeouts: {implicit: 0, pageLoad: 300000, script: 30000}, unhandledPromptBehavior: dismiss and notify, webauthn:extension:credBlob: true, webauthn:extension:largeBlob: true, webauthn:virtualAuthenticators: true}
Session ID: c4020b8456f94678e38962ef0c14a231" type="org.openqa.selenium.NoSuchElementException">org.openqa.selenium.NoSuchElementException: no such element: Unable to locate element: {&quot;method&quot;:&quot;xpath&quot;,&quot;selector&quot;:&quot;//div[@class=&apos;ListContainer_ListContainer__outerList__1PG0-&apos;]/div[1]//div[@class=&apos;ListContainer_ListContainer__buttonBottom__2kZAI&apos;]&quot;}
  (Session info: chrome=100.0.4896.88)
For documentation on this error, please visit: https://selenium.dev/exceptions/#no_such_element
Build info: version: &apos;4.1.2&apos;, revision: &apos;9a5a329c5a&apos;
System info: host: &apos;DESKTOP-93HN0V0&apos;, ip: &apos;192.168.100.232&apos;, os.name: &apos;Windows 10&apos;, os.arch: &apos;amd64&apos;, os.version: &apos;10.0&apos;, java.version: &apos;1.8.0_311&apos;
Driver info: org.openqa.selenium.chrome.ChromeDriver
Command: [c4020b8456f94678e38962ef0c14a231, findElement {using=xpath, value=//div[@class=&apos;ListContainer_ListContainer__outerList__1PG0-&apos;]/div[1]//div[@class=&apos;ListContainer_ListContainer__buttonBottom__2kZAI&apos;]}]
Capabilities {acceptInsecureCerts: false, browserName: chrome, browserVersion: 100.0.4896.88, chrome: {chromedriverVersion: 100.0.4896.60 (6a5d10861ce8..., userDataDir: C:\Users\TELKOM\AppData\Loc...}, goog:chromeOptions: {debuggerAddress: localhost:49165}, javascriptEnabled: true, networkConnectionEnabled: false, pageLoadStrategy: normal, platform: WINDOWS, platformName: WINDOWS, proxy: Proxy(), se:cdp: ws://localhost:49165/devtoo..., se:cdpVersion: 100.0.4896.88, setWindowRect: true, strictFileInteractability: false, timeouts: {implicit: 0, pageLoad: 300000, script: 30000}, unhandledPromptBehavior: dismiss and notify, webauthn:extension:credBlob: true, webauthn:extension:largeBlob: true, webauthn:virtualAuthenticators: true}
Session ID: c4020b8456f94678e38962ef0c14a231
	at sun.reflect.NativeConstructorAccessorImpl.newInstance0(Native Method)
	at sun.reflect.NativeConstructorAccessorImpl.newInstance(NativeConstructorAccessorImpl.java:62)
	at sun.reflect.DelegatingConstructorAccessorImpl.newInstance(DelegatingConstructorAccessorImpl.java:45)
	at java.lang.reflect.Constructor.newInstance(Constructor.java:423)
	at org.openqa.selenium.remote.codec.w3c.W3CHttpResponseCodec.createException(W3CHttpResponseCodec.java:200)
	at org.openqa.selenium.remote.codec.w3c.W3CHttpResponseCodec.decode(W3CHttpResponseCodec.java:133)
	at org.openqa.selenium.remote.codec.w3c.W3CHttpResponseCodec.decode(W3CHttpResponseCodec.java:53)
	at org.openqa.selenium.remote.HttpCommandExecutor.execute(HttpCommandExecutor.java:184)
	at org.openqa.selenium.remote.service.DriverCommandExecutor.invokeExecute(DriverCommandExecutor.java:167)
	at org.openqa.selenium.remote.service.DriverCommandExecutor.execute(DriverCommandExecutor.java:142)
	at org.openqa.selenium.remote.RemoteWebDriver.execute(RemoteWebDriver.java:558)
	at org.openqa.selenium.remote.ElementLocation$ElementFinder$2.findElement(ElementLocation.java:162)
	at org.openqa.selenium.remote.ElementLocation.findElement(ElementLocation.java:60)
	at org.openqa.selenium.remote.RemoteWebDriver.findElement(RemoteWebDriver.java:382)
	at org.openqa.selenium.remote.RemoteWebDriver.findElement(RemoteWebDriver.java:374)
	at org.openqa.selenium.support.pagefactory.DefaultElementLocator.findElement(DefaultElementLocator.java:70)
	at org.openqa.selenium.support.pagefactory.internal.LocatingElementHandler.invoke(LocatingElementHandler.java:39)
	at com.sun.proxy.$Proxy21.click(Unknown Source)
	at pageObject.board.clickButtonAddCard(board.java:197)
	at step_definitions.featureBoard.clickButtonAddCard(featureBoard.java:67)
	at ✽.And User click logo add card(features/03-Board.feature:26)
</error>
  </testcase>
  <testcase classname="Scenario: User add normal card" name="When User input &quot;First Card&quot; as card name" time="0">
    <skipped/>
  </testcase>
  <testcase classname="Scenario: User add normal card" name="And User click add new cart" time="0">
    <skipped/>
  </testcase>
  <testcase classname="Scenario: User add normal card" name="Then User will see new card been inputed" time="0">
    <skipped/>
  </testcase>
  <testcase classname="Scenario: User check at icon MuiSvgIcon to verify button" name="Given User login with google" time="0"/>
  <testcase classname="Scenario: User check at icon MuiSvgIcon to verify button" name="When User input &quot;zeinazhar12@gmail.com&quot; as email" time="0"/>
  <testcase classname="Scenario: User check at icon MuiSvgIcon to verify button" name="And User click button selanjutnya" time="0.05"/>
  <testcase classname="Scenario: User check at icon MuiSvgIcon to verify button" name="When User input &quot;T25121998&quot; as password" time="0"/>
  <testcase classname="Scenario: User check at icon MuiSvgIcon to verify button" name="And User click button selanjutnya" time="0"/>
  <testcase classname="Scenario: User check at icon MuiSvgIcon to verify button" name="And User click ticket card at teams" time="0"/>
  <testcase classname="Scenario: User check at icon MuiSvgIcon to verify button" name="And User click card board" time="0"/>
  <testcase classname="Scenario: User check at icon MuiSvgIcon to verify button" name="And User click icon MuiSvgIcon" time="0">
    <error message="no such element: Unable to locate element: {&quot;method&quot;:&quot;xpath&quot;,&quot;selector&quot;:&quot;//a[@href=&apos;/teams/624ffa5430d9d12372ea20dd&apos;]&quot;}
  (Session info: chrome=100.0.4896.88)
For documentation on this error, please visit: https://selenium.dev/exceptions/#no_such_element
Build info: version: &apos;4.1.2&apos;, revision: &apos;9a5a329c5a&apos;
System info: host: &apos;DESKTOP-93HN0V0&apos;, ip: &apos;192.168.100.232&apos;, os.name: &apos;Windows 10&apos;, os.arch: &apos;amd64&apos;, os.version: &apos;10.0&apos;, java.version: &apos;1.8.0_311&apos;
Driver info: org.openqa.selenium.chrome.ChromeDriver
Command: [d68c5da7b4de47d7c61b034e48c7bbc7, findElement {using=xpath, value=//a[@href=&apos;/teams/624ffa5430d9d12372ea20dd&apos;]}]
Capabilities {acceptInsecureCerts: false, browserName: chrome, browserVersion: 100.0.4896.88, chrome: {chromedriverVersion: 100.0.4896.60 (6a5d10861ce8..., userDataDir: C:\Users\TELKOM\AppData\Loc...}, goog:chromeOptions: {debuggerAddress: localhost:49266}, javascriptEnabled: true, networkConnectionEnabled: false, pageLoadStrategy: normal, platform: WINDOWS, platformName: WINDOWS, proxy: Proxy(), se:cdp: ws://localhost:49266/devtoo..., se:cdpVersion: 100.0.4896.88, setWindowRect: true, strictFileInteractability: false, timeouts: {implicit: 0, pageLoad: 300000, script: 30000}, unhandledPromptBehavior: dismiss and notify, webauthn:extension:credBlob: true, webauthn:extension:largeBlob: true, webauthn:virtualAuthenticators: true}
Session ID: d68c5da7b4de47d7c61b034e48c7bbc7" type="org.openqa.selenium.NoSuchElementException">org.openqa.selenium.NoSuchElementException: no such element: Unable to locate element: {&quot;method&quot;:&quot;xpath&quot;,&quot;selector&quot;:&quot;//a[@href=&apos;/teams/624ffa5430d9d12372ea20dd&apos;]&quot;}
  (Session info: chrome=100.0.4896.88)
For documentation on this error, please visit: https://selenium.dev/exceptions/#no_such_element
Build info: version: &apos;4.1.2&apos;, revision: &apos;9a5a329c5a&apos;
System info: host: &apos;DESKTOP-93HN0V0&apos;, ip: &apos;192.168.100.232&apos;, os.name: &apos;Windows 10&apos;, os.arch: &apos;amd64&apos;, os.version: &apos;10.0&apos;, java.version: &apos;1.8.0_311&apos;
Driver info: org.openqa.selenium.chrome.ChromeDriver
Command: [d68c5da7b4de47d7c61b034e48c7bbc7, findElement {using=xpath, value=//a[@href=&apos;/teams/624ffa5430d9d12372ea20dd&apos;]}]
Capabilities {acceptInsecureCerts: false, browserName: chrome, browserVersion: 100.0.4896.88, chrome: {chromedriverVersion: 100.0.4896.60 (6a5d10861ce8..., userDataDir: C:\Users\TELKOM\AppData\Loc...}, goog:chromeOptions: {debuggerAddress: localhost:49266}, javascriptEnabled: true, networkConnectionEnabled: false, pageLoadStrategy: normal, platform: WINDOWS, platformName: WINDOWS, proxy: Proxy(), se:cdp: ws://localhost:49266/devtoo..., se:cdpVersion: 100.0.4896.88, setWindowRect: true, strictFileInteractability: false, timeouts: {implicit: 0, pageLoad: 300000, script: 30000}, unhandledPromptBehavior: dismiss and notify, webauthn:extension:credBlob: true, webauthn:extension:largeBlob: true, webauthn:virtualAuthenticators: true}
Session ID: d68c5da7b4de47d7c61b034e48c7bbc7
	at sun.reflect.NativeConstructorAccessorImpl.newInstance0(Native Method)
	at sun.reflect.NativeConstructorAccessorImpl.newInstance(NativeConstructorAccessorImpl.java:62)
	at sun.reflect.DelegatingConstructorAccessorImpl.newInstance(DelegatingConstructorAccessorImpl.java:45)
	at java.lang.reflect.Constructor.newInstance(Constructor.java:423)
	at org.openqa.selenium.remote.codec.w3c.W3CHttpResponseCodec.createException(W3CHttpResponseCodec.java:200)
	at org.openqa.selenium.remote.codec.w3c.W3CHttpResponseCodec.decode(W3CHttpResponseCodec.java:133)
	at org.openqa.selenium.remote.codec.w3c.W3CHttpResponseCodec.decode(W3CHttpResponseCodec.java:53)
	at org.openqa.selenium.remote.HttpCommandExecutor.execute(HttpCommandExecutor.java:184)
	at org.openqa.selenium.remote.service.DriverCommandExecutor.invokeExecute(DriverCommandExecutor.java:167)
	at org.openqa.selenium.remote.service.DriverCommandExecutor.execute(DriverCommandExecutor.java:142)
	at org.openqa.selenium.remote.RemoteWebDriver.execute(RemoteWebDriver.java:558)
	at org.openqa.selenium.remote.ElementLocation$ElementFinder$2.findElement(ElementLocation.java:162)
	at org.openqa.selenium.remote.ElementLocation.findElement(ElementLocation.java:60)
	at org.openqa.selenium.remote.RemoteWebDriver.findElement(RemoteWebDriver.java:382)
	at org.openqa.selenium.remote.RemoteWebDriver.findElement(RemoteWebDriver.java:374)
	at org.openqa.selenium.support.pagefactory.DefaultElementLocator.findElement(DefaultElementLocator.java:70)
	at org.openqa.selenium.support.pagefactory.internal.LocatingElementHandler.invoke(LocatingElementHandler.java:39)
	at com.sun.proxy.$Proxy21.click(Unknown Source)
	at pageObject.board.clickButtonMuiSvgIcon(board.java:222)
	at step_definitions.featureBoard.clickButtonMuiSvgIcon(featureBoard.java:95)
	at ✽.And User click icon MuiSvgIcon(features/03-Board.feature:39)
</error>
  </testcase>
  <testcase classname="Scenario: User check at icon MuiSvgIcon to verify button" name="Scenario: User check at icon MuiSvgIcon to verify button" time="0">
    <error message="no such element: Unable to locate element: {&quot;method&quot;:&quot;xpath&quot;,&quot;selector&quot;:&quot;//a[@href=&apos;/teams/624ffa5430d9d12372ea20dd&apos;]&quot;}
  (Session info: chrome=100.0.4896.88)
For documentation on this error, please visit: https://selenium.dev/exceptions/#no_such_element
Build info: version: &apos;4.1.2&apos;, revision: &apos;9a5a329c5a&apos;
System info: host: &apos;DESKTOP-93HN0V0&apos;, ip: &apos;192.168.100.232&apos;, os.name: &apos;Windows 10&apos;, os.arch: &apos;amd64&apos;, os.version: &apos;10.0&apos;, java.version: &apos;1.8.0_311&apos;
Driver info: org.openqa.selenium.chrome.ChromeDriver
Command: [d68c5da7b4de47d7c61b034e48c7bbc7, findElement {using=xpath, value=//a[@href=&apos;/teams/624ffa5430d9d12372ea20dd&apos;]}]
Capabilities {acceptInsecureCerts: false, browserName: chrome, browserVersion: 100.0.4896.88, chrome: {chromedriverVersion: 100.0.4896.60 (6a5d10861ce8..., userDataDir: C:\Users\TELKOM\AppData\Loc...}, goog:chromeOptions: {debuggerAddress: localhost:49266}, javascriptEnabled: true, networkConnectionEnabled: false, pageLoadStrategy: normal, platform: WINDOWS, platformName: WINDOWS, proxy: Proxy(), se:cdp: ws://localhost:49266/devtoo..., se:cdpVersion: 100.0.4896.88, setWindowRect: true, strictFileInteractability: false, timeouts: {implicit: 0, pageLoad: 300000, script: 30000}, unhandledPromptBehavior: dismiss and notify, webauthn:extension:credBlob: true, webauthn:extension:largeBlob: true, webauthn:virtualAuthenticators: true}
Session ID: d68c5da7b4de47d7c61b034e48c7bbc7" type="org.openqa.selenium.NoSuchElementException">org.openqa.selenium.NoSuchElementException: no such element: Unable to locate element: {&quot;method&quot;:&quot;xpath&quot;,&quot;selector&quot;:&quot;//a[@href=&apos;/teams/624ffa5430d9d12372ea20dd&apos;]&quot;}
  (Session info: chrome=100.0.4896.88)
For documentation on this error, please visit: https://selenium.dev/exceptions/#no_such_element
Build info: version: &apos;4.1.2&apos;, revision: &apos;9a5a329c5a&apos;
System info: host: &apos;DESKTOP-93HN0V0&apos;, ip: &apos;192.168.100.232&apos;, os.name: &apos;Windows 10&apos;, os.arch: &apos;amd64&apos;, os.version: &apos;10.0&apos;, java.version: &apos;1.8.0_311&apos;
Driver info: org.openqa.selenium.chrome.ChromeDriver
Command: [d68c5da7b4de47d7c61b034e48c7bbc7, findElement {using=xpath, value=//a[@href=&apos;/teams/624ffa5430d9d12372ea20dd&apos;]}]
Capabilities {acceptInsecureCerts: false, browserName: chrome, browserVersion: 100.0.4896.88, chrome: {chromedriverVersion: 100.0.4896.60 (6a5d10861ce8..., userDataDir: C:\Users\TELKOM\AppData\Loc...}, goog:chromeOptions: {debuggerAddress: localhost:49266}, javascriptEnabled: true, networkConnectionEnabled: false, pageLoadStrategy: normal, platform: WINDOWS, platformName: WINDOWS, proxy: Proxy(), se:cdp: ws://localhost:49266/devtoo..., se:cdpVersion: 100.0.4896.88, setWindowRect: true, strictFileInteractability: false, timeouts: {implicit: 0, pageLoad: 300000, script: 30000}, unhandledPromptBehavior: dismiss and notify, webauthn:extension:credBlob: true, webauthn:extension:largeBlob: true, webauthn:virtualAuthenticators: true}
Session ID: d68c5da7b4de47d7c61b034e48c7bbc7
	at sun.reflect.NativeConstructorAccessorImpl.newInstance0(Native Method)
	at sun.reflect.NativeConstructorAccessorImpl.newInstance(NativeConstructorAccessorImpl.java:62)
	at sun.reflect.DelegatingConstructorAccessorImpl.newInstance(DelegatingConstructorAccessorImpl.java:45)
	at java.lang.reflect.Constructor.newInstance(Constructor.java:423)
	at org.openqa.selenium.remote.codec.w3c.W3CHttpResponseCodec.createException(W3CHttpResponseCodec.java:200)
	at org.openqa.selenium.remote.codec.w3c.W3CHttpResponseCodec.decode(W3CHttpResponseCodec.java:133)
	at org.openqa.selenium.remote.codec.w3c.W3CHttpResponseCodec.decode(W3CHttpResponseCodec.java:53)
	at org.openqa.selenium.remote.HttpCommandExecutor.execute(HttpCommandExecutor.java:184)
	at org.openqa.selenium.remote.service.DriverCommandExecutor.invokeExecute(DriverCommandExecutor.java:167)
	at org.openqa.selenium.remote.service.DriverCommandExecutor.execute(DriverCommandExecutor.java:142)
	at org.openqa.selenium.remote.RemoteWebDriver.execute(RemoteWebDriver.java:558)
	at org.openqa.selenium.remote.ElementLocation$ElementFinder$2.findElement(ElementLocation.java:162)
	at org.openqa.selenium.remote.ElementLocation.findElement(ElementLocation.java:60)
	at org.openqa.selenium.remote.RemoteWebDriver.findElement(RemoteWebDriver.java:382)
	at org.openqa.selenium.remote.RemoteWebDriver.findElement(RemoteWebDriver.java:374)
	at org.openqa.selenium.support.pagefactory.DefaultElementLocator.findElement(DefaultElementLocator.java:70)
	at org.openqa.selenium.support.pagefactory.internal.LocatingElementHandler.invoke(LocatingElementHandler.java:39)
	at com.sun.proxy.$Proxy21.click(Unknown Source)
	at pageObject.board.clickButtonMuiSvgIcon(board.java:222)
	at step_definitions.featureBoard.clickButtonMuiSvgIcon(featureBoard.java:95)
	at ✽.And User click icon MuiSvgIcon(features/03-Board.feature:39)
</error>
  </testcase>
  <testcase classname="Scenario: User check at icon MuiSvgIcon to verify button" name="Then User will see display row explore" time="0.015">
    <skipped/>
  </testcase>
  <testcase classname="Scenario: User check at icon home to verify button" name="Given User login with google" time="0"/>
  <testcase classname="Scenario: User check at icon home to verify button" name="When User input &quot;zeinazhar12@gmail.com&quot; as email" time="0"/>
  <testcase classname="Scenario: User check at icon home to verify button" name="And User click button selanjutnya" time="0"/>
  <testcase classname="Scenario: User check at icon home to verify button" name="When User input &quot;T25121998&quot; as password" time="0"/>
  <testcase classname="Scenario: User check at icon home to verify button" name="And User click button selanjutnya" time="0"/>
  <testcase classname="Scenario: User check at icon home to verify button" name="And User click ticket card at teams" time="0"/>
  <testcase classname="Scenario: User check at icon home to verify button" name="And User click card board" time="0"/>
  <testcase classname="Scenario: User check at icon home to verify button" name="And User click icon home" time="0">
    <error message="no such element: Unable to locate element: {&quot;method&quot;:&quot;xpath&quot;,&quot;selector&quot;:&quot;//a[.=&apos;Home&apos;]&quot;}
  (Session info: chrome=100.0.4896.88)
For documentation on this error, please visit: https://selenium.dev/exceptions/#no_such_element
Build info: version: &apos;4.1.2&apos;, revision: &apos;9a5a329c5a&apos;
System info: host: &apos;DESKTOP-93HN0V0&apos;, ip: &apos;192.168.100.232&apos;, os.name: &apos;Windows 10&apos;, os.arch: &apos;amd64&apos;, os.version: &apos;10.0&apos;, java.version: &apos;1.8.0_311&apos;
Driver info: org.openqa.selenium.chrome.ChromeDriver
Command: [e4050923cb6c5f1d8dc4331842a21de4, findElement {using=xpath, value=//a[.=&apos;Home&apos;]}]
Capabilities {acceptInsecureCerts: false, browserName: chrome, browserVersion: 100.0.4896.88, chrome: {chromedriverVersion: 100.0.4896.60 (6a5d10861ce8..., userDataDir: C:\Users\TELKOM\AppData\Loc...}, goog:chromeOptions: {debuggerAddress: localhost:49365}, javascriptEnabled: true, networkConnectionEnabled: false, pageLoadStrategy: normal, platform: WINDOWS, platformName: WINDOWS, proxy: Proxy(), se:cdp: ws://localhost:49365/devtoo..., se:cdpVersion: 100.0.4896.88, setWindowRect: true, strictFileInteractability: false, timeouts: {implicit: 0, pageLoad: 300000, script: 30000}, unhandledPromptBehavior: dismiss and notify, webauthn:extension:credBlob: true, webauthn:extension:largeBlob: true, webauthn:virtualAuthenticators: true}
Session ID: e4050923cb6c5f1d8dc4331842a21de4" type="org.openqa.selenium.NoSuchElementException">org.openqa.selenium.NoSuchElementException: no such element: Unable to locate element: {&quot;method&quot;:&quot;xpath&quot;,&quot;selector&quot;:&quot;//a[.=&apos;Home&apos;]&quot;}
  (Session info: chrome=100.0.4896.88)
For documentation on this error, please visit: https://selenium.dev/exceptions/#no_such_element
Build info: version: &apos;4.1.2&apos;, revision: &apos;9a5a329c5a&apos;
System info: host: &apos;DESKTOP-93HN0V0&apos;, ip: &apos;192.168.100.232&apos;, os.name: &apos;Windows 10&apos;, os.arch: &apos;amd64&apos;, os.version: &apos;10.0&apos;, java.version: &apos;1.8.0_311&apos;
Driver info: org.openqa.selenium.chrome.ChromeDriver
Command: [e4050923cb6c5f1d8dc4331842a21de4, findElement {using=xpath, value=//a[.=&apos;Home&apos;]}]
Capabilities {acceptInsecureCerts: false, browserName: chrome, browserVersion: 100.0.4896.88, chrome: {chromedriverVersion: 100.0.4896.60 (6a5d10861ce8..., userDataDir: C:\Users\TELKOM\AppData\Loc...}, goog:chromeOptions: {debuggerAddress: localhost:49365}, javascriptEnabled: true, networkConnectionEnabled: false, pageLoadStrategy: normal, platform: WINDOWS, platformName: WINDOWS, proxy: Proxy(), se:cdp: ws://localhost:49365/devtoo..., se:cdpVersion: 100.0.4896.88, setWindowRect: true, strictFileInteractability: false, timeouts: {implicit: 0, pageLoad: 300000, script: 30000}, unhandledPromptBehavior: dismiss and notify, webauthn:extension:credBlob: true, webauthn:extension:largeBlob: true, webauthn:virtualAuthenticators: true}
Session ID: e4050923cb6c5f1d8dc4331842a21de4
	at sun.reflect.NativeConstructorAccessorImpl.newInstance0(Native Method)
	at sun.reflect.NativeConstructorAccessorImpl.newInstance(NativeConstructorAccessorImpl.java:62)
	at sun.reflect.DelegatingConstructorAccessorImpl.newInstance(DelegatingConstructorAccessorImpl.java:45)
	at java.lang.reflect.Constructor.newInstance(Constructor.java:423)
	at org.openqa.selenium.remote.codec.w3c.W3CHttpResponseCodec.createException(W3CHttpResponseCodec.java:200)
	at org.openqa.selenium.remote.codec.w3c.W3CHttpResponseCodec.decode(W3CHttpResponseCodec.java:133)
	at org.openqa.selenium.remote.codec.w3c.W3CHttpResponseCodec.decode(W3CHttpResponseCodec.java:53)
	at org.openqa.selenium.remote.HttpCommandExecutor.execute(HttpCommandExecutor.java:184)
	at org.openqa.selenium.remote.service.DriverCommandExecutor.invokeExecute(DriverCommandExecutor.java:167)
	at org.openqa.selenium.remote.service.DriverCommandExecutor.execute(DriverCommandExecutor.java:142)
	at org.openqa.selenium.remote.RemoteWebDriver.execute(RemoteWebDriver.java:558)
	at org.openqa.selenium.remote.ElementLocation$ElementFinder$2.findElement(ElementLocation.java:162)
	at org.openqa.selenium.remote.ElementLocation.findElement(ElementLocation.java:60)
	at org.openqa.selenium.remote.RemoteWebDriver.findElement(RemoteWebDriver.java:382)
	at org.openqa.selenium.remote.RemoteWebDriver.findElement(RemoteWebDriver.java:374)
	at org.openqa.selenium.support.pagefactory.DefaultElementLocator.findElement(DefaultElementLocator.java:70)
	at org.openqa.selenium.support.pagefactory.internal.LocatingElementHandler.invoke(LocatingElementHandler.java:39)
	at com.sun.proxy.$Proxy21.click(Unknown Source)
	at pageObject.board.clickButtonHome(board.java:226)
	at step_definitions.featureBoard.clickButtonHome(featureBoard.java:108)
	at ✽.And User click icon home(features/03-Board.feature:50)
</error>
  </testcase>
  <testcase classname="Scenario: User check at icon home to verify button" name="Scenario: User check at icon home to verify button" time="0">
    <error message="no such element: Unable to locate element: {&quot;method&quot;:&quot;xpath&quot;,&quot;selector&quot;:&quot;//a[.=&apos;Home&apos;]&quot;}
  (Session info: chrome=100.0.4896.88)
For documentation on this error, please visit: https://selenium.dev/exceptions/#no_such_element
Build info: version: &apos;4.1.2&apos;, revision: &apos;9a5a329c5a&apos;
System info: host: &apos;DESKTOP-93HN0V0&apos;, ip: &apos;192.168.100.232&apos;, os.name: &apos;Windows 10&apos;, os.arch: &apos;amd64&apos;, os.version: &apos;10.0&apos;, java.version: &apos;1.8.0_311&apos;
Driver info: org.openqa.selenium.chrome.ChromeDriver
Command: [e4050923cb6c5f1d8dc4331842a21de4, findElement {using=xpath, value=//a[.=&apos;Home&apos;]}]
Capabilities {acceptInsecureCerts: false, browserName: chrome, browserVersion: 100.0.4896.88, chrome: {chromedriverVersion: 100.0.4896.60 (6a5d10861ce8..., userDataDir: C:\Users\TELKOM\AppData\Loc...}, goog:chromeOptions: {debuggerAddress: localhost:49365}, javascriptEnabled: true, networkConnectionEnabled: false, pageLoadStrategy: normal, platform: WINDOWS, platformName: WINDOWS, proxy: Proxy(), se:cdp: ws://localhost:49365/devtoo..., se:cdpVersion: 100.0.4896.88, setWindowRect: true, strictFileInteractability: false, timeouts: {implicit: 0, pageLoad: 300000, script: 30000}, unhandledPromptBehavior: dismiss and notify, webauthn:extension:credBlob: true, webauthn:extension:largeBlob: true, webauthn:virtualAuthenticators: true}
Session ID: e4050923cb6c5f1d8dc4331842a21de4" type="org.openqa.selenium.NoSuchElementException">org.openqa.selenium.NoSuchElementException: no such element: Unable to locate element: {&quot;method&quot;:&quot;xpath&quot;,&quot;selector&quot;:&quot;//a[.=&apos;Home&apos;]&quot;}
  (Session info: chrome=100.0.4896.88)
For documentation on this error, please visit: https://selenium.dev/exceptions/#no_such_element
Build info: version: &apos;4.1.2&apos;, revision: &apos;9a5a329c5a&apos;
System info: host: &apos;DESKTOP-93HN0V0&apos;, ip: &apos;192.168.100.232&apos;, os.name: &apos;Windows 10&apos;, os.arch: &apos;amd64&apos;, os.version: &apos;10.0&apos;, java.version: &apos;1.8.0_311&apos;
Driver info: org.openqa.selenium.chrome.ChromeDriver
Command: [e4050923cb6c5f1d8dc4331842a21de4, findElement {using=xpath, value=//a[.=&apos;Home&apos;]}]
Capabilities {acceptInsecureCerts: false, browserName: chrome, browserVersion: 100.0.4896.88, chrome: {chromedriverVersion: 100.0.4896.60 (6a5d10861ce8..., userDataDir: C:\Users\TELKOM\AppData\Loc...}, goog:chromeOptions: {debuggerAddress: localhost:49365}, javascriptEnabled: true, networkConnectionEnabled: false, pageLoadStrategy: normal, platform: WINDOWS, platformName: WINDOWS, proxy: Proxy(), se:cdp: ws://localhost:49365/devtoo..., se:cdpVersion: 100.0.4896.88, setWindowRect: true, strictFileInteractability: false, timeouts: {implicit: 0, pageLoad: 300000, script: 30000}, unhandledPromptBehavior: dismiss and notify, webauthn:extension:credBlob: true, webauthn:extension:largeBlob: true, webauthn:virtualAuthenticators: true}
Session ID: e4050923cb6c5f1d8dc4331842a21de4
	at sun.reflect.NativeConstructorAccessorImpl.newInstance0(Native Method)
	at sun.reflect.NativeConstructorAccessorImpl.newInstance(NativeConstructorAccessorImpl.java:62)
	at sun.reflect.DelegatingConstructorAccessorImpl.newInstance(DelegatingConstructorAccessorImpl.java:45)
	at java.lang.reflect.Constructor.newInstance(Constructor.java:423)
	at org.openqa.selenium.remote.codec.w3c.W3CHttpResponseCodec.createException(W3CHttpResponseCodec.java:200)
	at org.openqa.selenium.remote.codec.w3c.W3CHttpResponseCodec.decode(W3CHttpResponseCodec.java:133)
	at org.openqa.selenium.remote.codec.w3c.W3CHttpResponseCodec.decode(W3CHttpResponseCodec.java:53)
	at org.openqa.selenium.remote.HttpCommandExecutor.execute(HttpCommandExecutor.java:184)
	at org.openqa.selenium.remote.service.DriverCommandExecutor.invokeExecute(DriverCommandExecutor.java:167)
	at org.openqa.selenium.remote.service.DriverCommandExecutor.execute(DriverCommandExecutor.java:142)
	at org.openqa.selenium.remote.RemoteWebDriver.execute(RemoteWebDriver.java:558)
	at org.openqa.selenium.remote.ElementLocation$ElementFinder$2.findElement(ElementLocation.java:162)
	at org.openqa.selenium.remote.ElementLocation.findElement(ElementLocation.java:60)
	at org.openqa.selenium.remote.RemoteWebDriver.findElement(RemoteWebDriver.java:382)
	at org.openqa.selenium.remote.RemoteWebDriver.findElement(RemoteWebDriver.java:374)
	at org.openqa.selenium.support.pagefactory.DefaultElementLocator.findElement(DefaultElementLocator.java:70)
	at org.openqa.selenium.support.pagefactory.internal.LocatingElementHandler.invoke(LocatingElementHandler.java:39)
	at com.sun.proxy.$Proxy21.click(Unknown Source)
	at pageObject.board.clickButtonHome(board.java:226)
	at step_definitions.featureBoard.clickButtonHome(featureBoard.java:108)
	at ✽.And User click icon home(features/03-Board.feature:50)
</error>
  </testcase>
  <testcase classname="Scenario: User check at icon home to verify button" name="Then User will see display home" time="0">
    <skipped/>
  </testcase>
  <testcase classname="Scenario: User add normal input notes and attachments" name="Given User login with google" time="0"/>
  <testcase classname="Scenario: User add normal input notes and attachments" name="When User input &quot;zeinazhar12@gmail.com&quot; as email" time="0"/>
  <testcase classname="Scenario: User add normal input notes and attachments" name="And User click button selanjutnya" time="0"/>
  <testcase classname="Scenario: User add normal input notes and attachments" name="When User input &quot;T25121998&quot; as password" time="0"/>
  <testcase classname="Scenario: User add normal input notes and attachments" name="And User click button selanjutnya" time="0"/>
  <testcase classname="Scenario: User add normal input notes and attachments" name="And User click ticket card at teams" time="0"/>
  <testcase classname="Scenario: User add normal input notes and attachments" name="And User click card board" time="0"/>
  <testcase classname="Scenario: User add normal input notes and attachments" name="And User click card feature attach from second list" time="0">
    <error message="no such element: Unable to locate element: {&quot;method&quot;:&quot;xpath&quot;,&quot;selector&quot;:&quot;//div[@class=&apos;ListContainer_ListContainer__outerList__1PG0-&apos;]//div[@class=&apos;infinite-scroll-component &apos;]/div[@id=&apos;listcard_content-0&apos;]/div[3]&quot;}
  (Session info: chrome=100.0.4896.88)
For documentation on this error, please visit: https://selenium.dev/exceptions/#no_such_element
Build info: version: &apos;4.1.2&apos;, revision: &apos;9a5a329c5a&apos;
System info: host: &apos;DESKTOP-93HN0V0&apos;, ip: &apos;192.168.100.232&apos;, os.name: &apos;Windows 10&apos;, os.arch: &apos;amd64&apos;, os.version: &apos;10.0&apos;, java.version: &apos;1.8.0_311&apos;
Driver info: org.openqa.selenium.chrome.ChromeDriver
Command: [8f5cc00bbf8b6d700a281a3774a5ff7b, findElement {using=xpath, value=//div[@class=&apos;ListContainer_ListContainer__outerList__1PG0-&apos;]//div[@class=&apos;infinite-scroll-component &apos;]/div[@id=&apos;listcard_content-0&apos;]/div[3]}]
Capabilities {acceptInsecureCerts: false, browserName: chrome, browserVersion: 100.0.4896.88, chrome: {chromedriverVersion: 100.0.4896.60 (6a5d10861ce8..., userDataDir: C:\Users\TELKOM\AppData\Loc...}, goog:chromeOptions: {debuggerAddress: localhost:49450}, javascriptEnabled: true, networkConnectionEnabled: false, pageLoadStrategy: normal, platform: WINDOWS, platformName: WINDOWS, proxy: Proxy(), se:cdp: ws://localhost:49450/devtoo..., se:cdpVersion: 100.0.4896.88, setWindowRect: true, strictFileInteractability: false, timeouts: {implicit: 0, pageLoad: 300000, script: 30000}, unhandledPromptBehavior: dismiss and notify, webauthn:extension:credBlob: true, webauthn:extension:largeBlob: true, webauthn:virtualAuthenticators: true}
Session ID: 8f5cc00bbf8b6d700a281a3774a5ff7b" type="org.openqa.selenium.NoSuchElementException">org.openqa.selenium.NoSuchElementException: no such element: Unable to locate element: {&quot;method&quot;:&quot;xpath&quot;,&quot;selector&quot;:&quot;//div[@class=&apos;ListContainer_ListContainer__outerList__1PG0-&apos;]//div[@class=&apos;infinite-scroll-component &apos;]/div[@id=&apos;listcard_content-0&apos;]/div[3]&quot;}
  (Session info: chrome=100.0.4896.88)
For documentation on this error, please visit: https://selenium.dev/exceptions/#no_such_element
Build info: version: &apos;4.1.2&apos;, revision: &apos;9a5a329c5a&apos;
System info: host: &apos;DESKTOP-93HN0V0&apos;, ip: &apos;192.168.100.232&apos;, os.name: &apos;Windows 10&apos;, os.arch: &apos;amd64&apos;, os.version: &apos;10.0&apos;, java.version: &apos;1.8.0_311&apos;
Driver info: org.openqa.selenium.chrome.ChromeDriver
Command: [8f5cc00bbf8b6d700a281a3774a5ff7b, findElement {using=xpath, value=//div[@class=&apos;ListContainer_ListContainer__outerList__1PG0-&apos;]//div[@class=&apos;infinite-scroll-component &apos;]/div[@id=&apos;listcard_content-0&apos;]/div[3]}]
Capabilities {acceptInsecureCerts: false, browserName: chrome, browserVersion: 100.0.4896.88, chrome: {chromedriverVersion: 100.0.4896.60 (6a5d10861ce8..., userDataDir: C:\Users\TELKOM\AppData\Loc...}, goog:chromeOptions: {debuggerAddress: localhost:49450}, javascriptEnabled: true, networkConnectionEnabled: false, pageLoadStrategy: normal, platform: WINDOWS, platformName: WINDOWS, proxy: Proxy(), se:cdp: ws://localhost:49450/devtoo..., se:cdpVersion: 100.0.4896.88, setWindowRect: true, strictFileInteractability: false, timeouts: {implicit: 0, pageLoad: 300000, script: 30000}, unhandledPromptBehavior: dismiss and notify, webauthn:extension:credBlob: true, webauthn:extension:largeBlob: true, webauthn:virtualAuthenticators: true}
Session ID: 8f5cc00bbf8b6d700a281a3774a5ff7b
	at sun.reflect.NativeConstructorAccessorImpl.newInstance0(Native Method)
	at sun.reflect.NativeConstructorAccessorImpl.newInstance(NativeConstructorAccessorImpl.java:62)
	at sun.reflect.DelegatingConstructorAccessorImpl.newInstance(DelegatingConstructorAccessorImpl.java:45)
	at java.lang.reflect.Constructor.newInstance(Constructor.java:423)
	at org.openqa.selenium.remote.codec.w3c.W3CHttpResponseCodec.createException(W3CHttpResponseCodec.java:200)
	at org.openqa.selenium.remote.codec.w3c.W3CHttpResponseCodec.decode(W3CHttpResponseCodec.java:133)
	at org.openqa.selenium.remote.codec.w3c.W3CHttpResponseCodec.decode(W3CHttpResponseCodec.java:53)
	at org.openqa.selenium.remote.HttpCommandExecutor.execute(HttpCommandExecutor.java:184)
	at org.openqa.selenium.remote.service.DriverCommandExecutor.invokeExecute(DriverCommandExecutor.java:167)
	at org.openqa.selenium.remote.service.DriverCommandExecutor.execute(DriverCommandExecutor.java:142)
	at org.openqa.selenium.remote.RemoteWebDriver.execute(RemoteWebDriver.java:558)
	at org.openqa.selenium.remote.ElementLocation$ElementFinder$2.findElement(ElementLocation.java:162)
	at org.openqa.selenium.remote.ElementLocation.findElement(ElementLocation.java:60)
	at org.openqa.selenium.remote.RemoteWebDriver.findElement(RemoteWebDriver.java:382)
	at org.openqa.selenium.remote.RemoteWebDriver.findElement(RemoteWebDriver.java:374)
	at org.openqa.selenium.support.pagefactory.DefaultElementLocator.findElement(DefaultElementLocator.java:70)
	at org.openqa.selenium.support.pagefactory.internal.LocatingElementHandler.invoke(LocatingElementHandler.java:39)
	at com.sun.proxy.$Proxy21.click(Unknown Source)
	at pageObject.board.clickCardFeatureAttach(board.java:254)
	at step_definitions.featureBoard.clickCardFeatureAttach(featureBoard.java:123)
	at ✽.And User click card feature attach from second list(features/03-Board.feature:61)
</error>
  </testcase>
  <testcase classname="Scenario: User add normal input notes and attachments" name="Scenario: User add normal input notes and attachments" time="0">
    <error message="no such element: Unable to locate element: {&quot;method&quot;:&quot;xpath&quot;,&quot;selector&quot;:&quot;//div[@class=&apos;ListContainer_ListContainer__outerList__1PG0-&apos;]//div[@class=&apos;infinite-scroll-component &apos;]/div[@id=&apos;listcard_content-0&apos;]/div[3]&quot;}
  (Session info: chrome=100.0.4896.88)
For documentation on this error, please visit: https://selenium.dev/exceptions/#no_such_element
Build info: version: &apos;4.1.2&apos;, revision: &apos;9a5a329c5a&apos;
System info: host: &apos;DESKTOP-93HN0V0&apos;, ip: &apos;192.168.100.232&apos;, os.name: &apos;Windows 10&apos;, os.arch: &apos;amd64&apos;, os.version: &apos;10.0&apos;, java.version: &apos;1.8.0_311&apos;
Driver info: org.openqa.selenium.chrome.ChromeDriver
Command: [8f5cc00bbf8b6d700a281a3774a5ff7b, findElement {using=xpath, value=//div[@class=&apos;ListContainer_ListContainer__outerList__1PG0-&apos;]//div[@class=&apos;infinite-scroll-component &apos;]/div[@id=&apos;listcard_content-0&apos;]/div[3]}]
Capabilities {acceptInsecureCerts: false, browserName: chrome, browserVersion: 100.0.4896.88, chrome: {chromedriverVersion: 100.0.4896.60 (6a5d10861ce8..., userDataDir: C:\Users\TELKOM\AppData\Loc...}, goog:chromeOptions: {debuggerAddress: localhost:49450}, javascriptEnabled: true, networkConnectionEnabled: false, pageLoadStrategy: normal, platform: WINDOWS, platformName: WINDOWS, proxy: Proxy(), se:cdp: ws://localhost:49450/devtoo..., se:cdpVersion: 100.0.4896.88, setWindowRect: true, strictFileInteractability: false, timeouts: {implicit: 0, pageLoad: 300000, script: 30000}, unhandledPromptBehavior: dismiss and notify, webauthn:extension:credBlob: true, webauthn:extension:largeBlob: true, webauthn:virtualAuthenticators: true}
Session ID: 8f5cc00bbf8b6d700a281a3774a5ff7b" type="org.openqa.selenium.NoSuchElementException">org.openqa.selenium.NoSuchElementException: no such element: Unable to locate element: {&quot;method&quot;:&quot;xpath&quot;,&quot;selector&quot;:&quot;//div[@class=&apos;ListContainer_ListContainer__outerList__1PG0-&apos;]//div[@class=&apos;infinite-scroll-component &apos;]/div[@id=&apos;listcard_content-0&apos;]/div[3]&quot;}
  (Session info: chrome=100.0.4896.88)
For documentation on this error, please visit: https://selenium.dev/exceptions/#no_such_element
Build info: version: &apos;4.1.2&apos;, revision: &apos;9a5a329c5a&apos;
System info: host: &apos;DESKTOP-93HN0V0&apos;, ip: &apos;192.168.100.232&apos;, os.name: &apos;Windows 10&apos;, os.arch: &apos;amd64&apos;, os.version: &apos;10.0&apos;, java.version: &apos;1.8.0_311&apos;
Driver info: org.openqa.selenium.chrome.ChromeDriver
Command: [8f5cc00bbf8b6d700a281a3774a5ff7b, findElement {using=xpath, value=//div[@class=&apos;ListContainer_ListContainer__outerList__1PG0-&apos;]//div[@class=&apos;infinite-scroll-component &apos;]/div[@id=&apos;listcard_content-0&apos;]/div[3]}]
Capabilities {acceptInsecureCerts: false, browserName: chrome, browserVersion: 100.0.4896.88, chrome: {chromedriverVersion: 100.0.4896.60 (6a5d10861ce8..., userDataDir: C:\Users\TELKOM\AppData\Loc...}, goog:chromeOptions: {debuggerAddress: localhost:49450}, javascriptEnabled: true, networkConnectionEnabled: false, pageLoadStrategy: normal, platform: WINDOWS, platformName: WINDOWS, proxy: Proxy(), se:cdp: ws://localhost:49450/devtoo..., se:cdpVersion: 100.0.4896.88, setWindowRect: true, strictFileInteractability: false, timeouts: {implicit: 0, pageLoad: 300000, script: 30000}, unhandledPromptBehavior: dismiss and notify, webauthn:extension:credBlob: true, webauthn:extension:largeBlob: true, webauthn:virtualAuthenticators: true}
Session ID: 8f5cc00bbf8b6d700a281a3774a5ff7b
	at sun.reflect.NativeConstructorAccessorImpl.newInstance0(Native Method)
	at sun.reflect.NativeConstructorAccessorImpl.newInstance(NativeConstructorAccessorImpl.java:62)
	at sun.reflect.DelegatingConstructorAccessorImpl.newInstance(DelegatingConstructorAccessorImpl.java:45)
	at java.lang.reflect.Constructor.newInstance(Constructor.java:423)
	at org.openqa.selenium.remote.codec.w3c.W3CHttpResponseCodec.createException(W3CHttpResponseCodec.java:200)
	at org.openqa.selenium.remote.codec.w3c.W3CHttpResponseCodec.decode(W3CHttpResponseCodec.java:133)
	at org.openqa.selenium.remote.codec.w3c.W3CHttpResponseCodec.decode(W3CHttpResponseCodec.java:53)
	at org.openqa.selenium.remote.HttpCommandExecutor.execute(HttpCommandExecutor.java:184)
	at org.openqa.selenium.remote.service.DriverCommandExecutor.invokeExecute(DriverCommandExecutor.java:167)
	at org.openqa.selenium.remote.service.DriverCommandExecutor.execute(DriverCommandExecutor.java:142)
	at org.openqa.selenium.remote.RemoteWebDriver.execute(RemoteWebDriver.java:558)
	at org.openqa.selenium.remote.ElementLocation$ElementFinder$2.findElement(ElementLocation.java:162)
	at org.openqa.selenium.remote.ElementLocation.findElement(ElementLocation.java:60)
	at org.openqa.selenium.remote.RemoteWebDriver.findElement(RemoteWebDriver.java:382)
	at org.openqa.selenium.remote.RemoteWebDriver.findElement(RemoteWebDriver.java:374)
	at org.openqa.selenium.support.pagefactory.DefaultElementLocator.findElement(DefaultElementLocator.java:70)
	at org.openqa.selenium.support.pagefactory.internal.LocatingElementHandler.invoke(LocatingElementHandler.java:39)
	at com.sun.proxy.$Proxy21.click(Unknown Source)
	at pageObject.board.clickCardFeatureAttach(board.java:254)
	at step_definitions.featureBoard.clickCardFeatureAttach(featureBoard.java:123)
	at ✽.And User click card feature attach from second list(features/03-Board.feature:61)
</error>
  </testcase>
  <testcase classname="Scenario: User add normal input notes and attachments" name="And User click icon notes" time="0">
    <skipped/>
  </testcase>
  <testcase classname="Scenario: User add normal input notes and attachments" name="When User input &quot;perubahan awal&quot; as notes" time="0">
    <skipped/>
  </testcase>
  <testcase classname="Scenario: User add normal input notes and attachments" name="And User click button save" time="0">
    <skipped/>
  </testcase>
  <testcase classname="Scenario: User add normal input notes and attachments" name="When User attach file &quot;C:\\Users\\TELKOM\\Pictures\\Capture1.PNG&quot; as file attachment" time="0">
    <skipped/>
  </testcase>
  <testcase classname="Scenario: User add normal input notes and attachments" name="Then User will see update data from notes" time="0">
    <skipped/>
  </testcase>
  <testcase classname="Scenario: User add normal input notes and attachments" name="Then User will see update data from file attachments" time="0">
    <skipped/>
  </testcase>
  <testcase classname="Scenario: User delete notes and attachment at card feature attach" name="Given User login with google" time="0"/>
  <testcase classname="Scenario: User delete notes and attachment at card feature attach" name="When User input &quot;zeinazhar12@gmail.com&quot; as email" time="0"/>
  <testcase classname="Scenario: User delete notes and attachment at card feature attach" name="And User click button selanjutnya" time="0"/>
  <testcase classname="Scenario: User delete notes and attachment at card feature attach" name="When User input &quot;T25121998&quot; as password" time="0"/>
  <testcase classname="Scenario: User delete notes and attachment at card feature attach" name="And User click button selanjutnya" time="0"/>
  <testcase classname="Scenario: User delete notes and attachment at card feature attach" name="And User click ticket card at teams" time="0"/>
  <testcase classname="Scenario: User delete notes and attachment at card feature attach" name="And User click card board" time="0"/>
  <testcase classname="Scenario: User delete notes and attachment at card feature attach" name="And User click card feature attach from second list" time="0.016">
    <error message="no such element: Unable to locate element: {&quot;method&quot;:&quot;xpath&quot;,&quot;selector&quot;:&quot;//div[@class=&apos;ListContainer_ListContainer__outerList__1PG0-&apos;]//div[@class=&apos;infinite-scroll-component &apos;]/div[@id=&apos;listcard_content-0&apos;]/div[3]&quot;}
  (Session info: chrome=100.0.4896.88)
For documentation on this error, please visit: https://selenium.dev/exceptions/#no_such_element
Build info: version: &apos;4.1.2&apos;, revision: &apos;9a5a329c5a&apos;
System info: host: &apos;DESKTOP-93HN0V0&apos;, ip: &apos;192.168.100.232&apos;, os.name: &apos;Windows 10&apos;, os.arch: &apos;amd64&apos;, os.version: &apos;10.0&apos;, java.version: &apos;1.8.0_311&apos;
Driver info: org.openqa.selenium.chrome.ChromeDriver
Command: [1337d1ba293587c912f6d84761875f8e, findElement {using=xpath, value=//div[@class=&apos;ListContainer_ListContainer__outerList__1PG0-&apos;]//div[@class=&apos;infinite-scroll-component &apos;]/div[@id=&apos;listcard_content-0&apos;]/div[3]}]
Capabilities {acceptInsecureCerts: false, browserName: chrome, browserVersion: 100.0.4896.88, chrome: {chromedriverVersion: 100.0.4896.60 (6a5d10861ce8..., userDataDir: C:\Users\TELKOM\AppData\Loc...}, goog:chromeOptions: {debuggerAddress: localhost:49540}, javascriptEnabled: true, networkConnectionEnabled: false, pageLoadStrategy: normal, platform: WINDOWS, platformName: WINDOWS, proxy: Proxy(), se:cdp: ws://localhost:49540/devtoo..., se:cdpVersion: 100.0.4896.88, setWindowRect: true, strictFileInteractability: false, timeouts: {implicit: 0, pageLoad: 300000, script: 30000}, unhandledPromptBehavior: dismiss and notify, webauthn:extension:credBlob: true, webauthn:extension:largeBlob: true, webauthn:virtualAuthenticators: true}
Session ID: 1337d1ba293587c912f6d84761875f8e" type="org.openqa.selenium.NoSuchElementException">org.openqa.selenium.NoSuchElementException: no such element: Unable to locate element: {&quot;method&quot;:&quot;xpath&quot;,&quot;selector&quot;:&quot;//div[@class=&apos;ListContainer_ListContainer__outerList__1PG0-&apos;]//div[@class=&apos;infinite-scroll-component &apos;]/div[@id=&apos;listcard_content-0&apos;]/div[3]&quot;}
  (Session info: chrome=100.0.4896.88)
For documentation on this error, please visit: https://selenium.dev/exceptions/#no_such_element
Build info: version: &apos;4.1.2&apos;, revision: &apos;9a5a329c5a&apos;
System info: host: &apos;DESKTOP-93HN0V0&apos;, ip: &apos;192.168.100.232&apos;, os.name: &apos;Windows 10&apos;, os.arch: &apos;amd64&apos;, os.version: &apos;10.0&apos;, java.version: &apos;1.8.0_311&apos;
Driver info: org.openqa.selenium.chrome.ChromeDriver
Command: [1337d1ba293587c912f6d84761875f8e, findElement {using=xpath, value=//div[@class=&apos;ListContainer_ListContainer__outerList__1PG0-&apos;]//div[@class=&apos;infinite-scroll-component &apos;]/div[@id=&apos;listcard_content-0&apos;]/div[3]}]
Capabilities {acceptInsecureCerts: false, browserName: chrome, browserVersion: 100.0.4896.88, chrome: {chromedriverVersion: 100.0.4896.60 (6a5d10861ce8..., userDataDir: C:\Users\TELKOM\AppData\Loc...}, goog:chromeOptions: {debuggerAddress: localhost:49540}, javascriptEnabled: true, networkConnectionEnabled: false, pageLoadStrategy: normal, platform: WINDOWS, platformName: WINDOWS, proxy: Proxy(), se:cdp: ws://localhost:49540/devtoo..., se:cdpVersion: 100.0.4896.88, setWindowRect: true, strictFileInteractability: false, timeouts: {implicit: 0, pageLoad: 300000, script: 30000}, unhandledPromptBehavior: dismiss and notify, webauthn:extension:credBlob: true, webauthn:extension:largeBlob: true, webauthn:virtualAuthenticators: true}
Session ID: 1337d1ba293587c912f6d84761875f8e
	at sun.reflect.NativeConstructorAccessorImpl.newInstance0(Native Method)
	at sun.reflect.NativeConstructorAccessorImpl.newInstance(NativeConstructorAccessorImpl.java:62)
	at sun.reflect.DelegatingConstructorAccessorImpl.newInstance(DelegatingConstructorAccessorImpl.java:45)
	at java.lang.reflect.Constructor.newInstance(Constructor.java:423)
	at org.openqa.selenium.remote.codec.w3c.W3CHttpResponseCodec.createException(W3CHttpResponseCodec.java:200)
	at org.openqa.selenium.remote.codec.w3c.W3CHttpResponseCodec.decode(W3CHttpResponseCodec.java:133)
	at org.openqa.selenium.remote.codec.w3c.W3CHttpResponseCodec.decode(W3CHttpResponseCodec.java:53)
	at org.openqa.selenium.remote.HttpCommandExecutor.execute(HttpCommandExecutor.java:184)
	at org.openqa.selenium.remote.service.DriverCommandExecutor.invokeExecute(DriverCommandExecutor.java:167)
	at org.openqa.selenium.remote.service.DriverCommandExecutor.execute(DriverCommandExecutor.java:142)
	at org.openqa.selenium.remote.RemoteWebDriver.execute(RemoteWebDriver.java:558)
	at org.openqa.selenium.remote.ElementLocation$ElementFinder$2.findElement(ElementLocation.java:162)
	at org.openqa.selenium.remote.ElementLocation.findElement(ElementLocation.java:60)
	at org.openqa.selenium.remote.RemoteWebDriver.findElement(RemoteWebDriver.java:382)
	at org.openqa.selenium.remote.RemoteWebDriver.findElement(RemoteWebDriver.java:374)
	at org.openqa.selenium.support.pagefactory.DefaultElementLocator.findElement(DefaultElementLocator.java:70)
	at org.openqa.selenium.support.pagefactory.internal.LocatingElementHandler.invoke(LocatingElementHandler.java:39)
	at com.sun.proxy.$Proxy21.click(Unknown Source)
	at pageObject.board.clickCardFeatureAttach(board.java:254)
	at step_definitions.featureBoard.clickCardFeatureAttach(featureBoard.java:123)
	at ✽.And User click card feature attach from second list(features/03-Board.feature:77)
</error>
  </testcase>
  <testcase classname="Scenario: User delete notes and attachment at card feature attach" name="Scenario: User delete notes and attachment at card feature attach" time="0.016">
    <error message="no such element: Unable to locate element: {&quot;method&quot;:&quot;xpath&quot;,&quot;selector&quot;:&quot;//div[@class=&apos;ListContainer_ListContainer__outerList__1PG0-&apos;]//div[@class=&apos;infinite-scroll-component &apos;]/div[@id=&apos;listcard_content-0&apos;]/div[3]&quot;}
  (Session info: chrome=100.0.4896.88)
For documentation on this error, please visit: https://selenium.dev/exceptions/#no_such_element
Build info: version: &apos;4.1.2&apos;, revision: &apos;9a5a329c5a&apos;
System info: host: &apos;DESKTOP-93HN0V0&apos;, ip: &apos;192.168.100.232&apos;, os.name: &apos;Windows 10&apos;, os.arch: &apos;amd64&apos;, os.version: &apos;10.0&apos;, java.version: &apos;1.8.0_311&apos;
Driver info: org.openqa.selenium.chrome.ChromeDriver
Command: [1337d1ba293587c912f6d84761875f8e, findElement {using=xpath, value=//div[@class=&apos;ListContainer_ListContainer__outerList__1PG0-&apos;]//div[@class=&apos;infinite-scroll-component &apos;]/div[@id=&apos;listcard_content-0&apos;]/div[3]}]
Capabilities {acceptInsecureCerts: false, browserName: chrome, browserVersion: 100.0.4896.88, chrome: {chromedriverVersion: 100.0.4896.60 (6a5d10861ce8..., userDataDir: C:\Users\TELKOM\AppData\Loc...}, goog:chromeOptions: {debuggerAddress: localhost:49540}, javascriptEnabled: true, networkConnectionEnabled: false, pageLoadStrategy: normal, platform: WINDOWS, platformName: WINDOWS, proxy: Proxy(), se:cdp: ws://localhost:49540/devtoo..., se:cdpVersion: 100.0.4896.88, setWindowRect: true, strictFileInteractability: false, timeouts: {implicit: 0, pageLoad: 300000, script: 30000}, unhandledPromptBehavior: dismiss and notify, webauthn:extension:credBlob: true, webauthn:extension:largeBlob: true, webauthn:virtualAuthenticators: true}
Session ID: 1337d1ba293587c912f6d84761875f8e" type="org.openqa.selenium.NoSuchElementException">org.openqa.selenium.NoSuchElementException: no such element: Unable to locate element: {&quot;method&quot;:&quot;xpath&quot;,&quot;selector&quot;:&quot;//div[@class=&apos;ListContainer_ListContainer__outerList__1PG0-&apos;]//div[@class=&apos;infinite-scroll-component &apos;]/div[@id=&apos;listcard_content-0&apos;]/div[3]&quot;}
  (Session info: chrome=100.0.4896.88)
For documentation on this error, please visit: https://selenium.dev/exceptions/#no_such_element
Build info: version: &apos;4.1.2&apos;, revision: &apos;9a5a329c5a&apos;
System info: host: &apos;DESKTOP-93HN0V0&apos;, ip: &apos;192.168.100.232&apos;, os.name: &apos;Windows 10&apos;, os.arch: &apos;amd64&apos;, os.version: &apos;10.0&apos;, java.version: &apos;1.8.0_311&apos;
Driver info: org.openqa.selenium.chrome.ChromeDriver
Command: [1337d1ba293587c912f6d84761875f8e, findElement {using=xpath, value=//div[@class=&apos;ListContainer_ListContainer__outerList__1PG0-&apos;]//div[@class=&apos;infinite-scroll-component &apos;]/div[@id=&apos;listcard_content-0&apos;]/div[3]}]
Capabilities {acceptInsecureCerts: false, browserName: chrome, browserVersion: 100.0.4896.88, chrome: {chromedriverVersion: 100.0.4896.60 (6a5d10861ce8..., userDataDir: C:\Users\TELKOM\AppData\Loc...}, goog:chromeOptions: {debuggerAddress: localhost:49540}, javascriptEnabled: true, networkConnectionEnabled: false, pageLoadStrategy: normal, platform: WINDOWS, platformName: WINDOWS, proxy: Proxy(), se:cdp: ws://localhost:49540/devtoo..., se:cdpVersion: 100.0.4896.88, setWindowRect: true, strictFileInteractability: false, timeouts: {implicit: 0, pageLoad: 300000, script: 30000}, unhandledPromptBehavior: dismiss and notify, webauthn:extension:credBlob: true, webauthn:extension:largeBlob: true, webauthn:virtualAuthenticators: true}
Session ID: 1337d1ba293587c912f6d84761875f8e
	at sun.reflect.NativeConstructorAccessorImpl.newInstance0(Native Method)
	at sun.reflect.NativeConstructorAccessorImpl.newInstance(NativeConstructorAccessorImpl.java:62)
	at sun.reflect.DelegatingConstructorAccessorImpl.newInstance(DelegatingConstructorAccessorImpl.java:45)
	at java.lang.reflect.Constructor.newInstance(Constructor.java:423)
	at org.openqa.selenium.remote.codec.w3c.W3CHttpResponseCodec.createException(W3CHttpResponseCodec.java:200)
	at org.openqa.selenium.remote.codec.w3c.W3CHttpResponseCodec.decode(W3CHttpResponseCodec.java:133)
	at org.openqa.selenium.remote.codec.w3c.W3CHttpResponseCodec.decode(W3CHttpResponseCodec.java:53)
	at org.openqa.selenium.remote.HttpCommandExecutor.execute(HttpCommandExecutor.java:184)
	at org.openqa.selenium.remote.service.DriverCommandExecutor.invokeExecute(DriverCommandExecutor.java:167)
	at org.openqa.selenium.remote.service.DriverCommandExecutor.execute(DriverCommandExecutor.java:142)
	at org.openqa.selenium.remote.RemoteWebDriver.execute(RemoteWebDriver.java:558)
	at org.openqa.selenium.remote.ElementLocation$ElementFinder$2.findElement(ElementLocation.java:162)
	at org.openqa.selenium.remote.ElementLocation.findElement(ElementLocation.java:60)
	at org.openqa.selenium.remote.RemoteWebDriver.findElement(RemoteWebDriver.java:382)
	at org.openqa.selenium.remote.RemoteWebDriver.findElement(RemoteWebDriver.java:374)
	at org.openqa.selenium.support.pagefactory.DefaultElementLocator.findElement(DefaultElementLocator.java:70)
	at org.openqa.selenium.support.pagefactory.internal.LocatingElementHandler.invoke(LocatingElementHandler.java:39)
	at com.sun.proxy.$Proxy21.click(Unknown Source)
	at pageObject.board.clickCardFeatureAttach(board.java:254)
	at step_definitions.featureBoard.clickCardFeatureAttach(featureBoard.java:123)
	at ✽.And User click card feature attach from second list(features/03-Board.feature:77)
</error>
  </testcase>
  <testcase classname="Scenario: User delete notes and attachment at card feature attach" name="And User click icon notes" time="0.016">
    <skipped/>
  </testcase>
  <testcase classname="Scenario: User delete notes and attachment at card feature attach" name="When User input &quot; &quot; as notes" time="0.016">
    <skipped/>
  </testcase>
  <testcase classname="Scenario: User delete notes and attachment at card feature attach" name="And User click button save" time="0.016">
    <skipped/>
  </testcase>
  <testcase classname="Scenario: User delete notes and attachment at card feature attach" name="And User delete attachment" time="0.016">
    <skipped/>
  </testcase>
  <testcase classname="Scenario: User delete notes and attachment at card feature attach" name="Then Verify delete" time="0.016">
    <skipped/>
  </testcase>
  <testcase classname="Scenario: User add member at modify card" name="Given User login with google" time="0"/>
  <testcase classname="Scenario: User add member at modify card" name="When User input &quot;zeinazhar12@gmail.com&quot; as email" time="0"/>
  <testcase classname="Scenario: User add member at modify card" name="And User click button selanjutnya" time="0"/>
  <testcase classname="Scenario: User add member at modify card" name="When User input &quot;T25121998&quot; as password" time="0"/>
  <testcase classname="Scenario: User add member at modify card" name="And User click button selanjutnya" time="0"/>
  <testcase classname="Scenario: User add member at modify card" name="And User click ticket card at teams" time="0"/>
  <testcase classname="Scenario: User add member at modify card" name="And User click card board" time="0"/>
  <testcase classname="Scenario: User add member at modify card" name="And User click card feature attach from second list" time="0">
    <error message="no such element: Unable to locate element: {&quot;method&quot;:&quot;xpath&quot;,&quot;selector&quot;:&quot;//div[@class=&apos;ListContainer_ListContainer__outerList__1PG0-&apos;]//div[@class=&apos;infinite-scroll-component &apos;]/div[@id=&apos;listcard_content-0&apos;]/div[3]&quot;}
  (Session info: chrome=100.0.4896.88)
For documentation on this error, please visit: https://selenium.dev/exceptions/#no_such_element
Build info: version: &apos;4.1.2&apos;, revision: &apos;9a5a329c5a&apos;
System info: host: &apos;DESKTOP-93HN0V0&apos;, ip: &apos;192.168.100.232&apos;, os.name: &apos;Windows 10&apos;, os.arch: &apos;amd64&apos;, os.version: &apos;10.0&apos;, java.version: &apos;1.8.0_311&apos;
Driver info: org.openqa.selenium.chrome.ChromeDriver
Command: [f40ee20c840b8795a8dd905ebedc8670, findElement {using=xpath, value=//div[@class=&apos;ListContainer_ListContainer__outerList__1PG0-&apos;]//div[@class=&apos;infinite-scroll-component &apos;]/div[@id=&apos;listcard_content-0&apos;]/div[3]}]
Capabilities {acceptInsecureCerts: false, browserName: chrome, browserVersion: 100.0.4896.88, chrome: {chromedriverVersion: 100.0.4896.60 (6a5d10861ce8..., userDataDir: C:\Users\TELKOM\AppData\Loc...}, goog:chromeOptions: {debuggerAddress: localhost:49619}, javascriptEnabled: true, networkConnectionEnabled: false, pageLoadStrategy: normal, platform: WINDOWS, platformName: WINDOWS, proxy: Proxy(), se:cdp: ws://localhost:49619/devtoo..., se:cdpVersion: 100.0.4896.88, setWindowRect: true, strictFileInteractability: false, timeouts: {implicit: 0, pageLoad: 300000, script: 30000}, unhandledPromptBehavior: dismiss and notify, webauthn:extension:credBlob: true, webauthn:extension:largeBlob: true, webauthn:virtualAuthenticators: true}
Session ID: f40ee20c840b8795a8dd905ebedc8670" type="org.openqa.selenium.NoSuchElementException">org.openqa.selenium.NoSuchElementException: no such element: Unable to locate element: {&quot;method&quot;:&quot;xpath&quot;,&quot;selector&quot;:&quot;//div[@class=&apos;ListContainer_ListContainer__outerList__1PG0-&apos;]//div[@class=&apos;infinite-scroll-component &apos;]/div[@id=&apos;listcard_content-0&apos;]/div[3]&quot;}
  (Session info: chrome=100.0.4896.88)
For documentation on this error, please visit: https://selenium.dev/exceptions/#no_such_element
Build info: version: &apos;4.1.2&apos;, revision: &apos;9a5a329c5a&apos;
System info: host: &apos;DESKTOP-93HN0V0&apos;, ip: &apos;192.168.100.232&apos;, os.name: &apos;Windows 10&apos;, os.arch: &apos;amd64&apos;, os.version: &apos;10.0&apos;, java.version: &apos;1.8.0_311&apos;
Driver info: org.openqa.selenium.chrome.ChromeDriver
Command: [f40ee20c840b8795a8dd905ebedc8670, findElement {using=xpath, value=//div[@class=&apos;ListContainer_ListContainer__outerList__1PG0-&apos;]//div[@class=&apos;infinite-scroll-component &apos;]/div[@id=&apos;listcard_content-0&apos;]/div[3]}]
Capabilities {acceptInsecureCerts: false, browserName: chrome, browserVersion: 100.0.4896.88, chrome: {chromedriverVersion: 100.0.4896.60 (6a5d10861ce8..., userDataDir: C:\Users\TELKOM\AppData\Loc...}, goog:chromeOptions: {debuggerAddress: localhost:49619}, javascriptEnabled: true, networkConnectionEnabled: false, pageLoadStrategy: normal, platform: WINDOWS, platformName: WINDOWS, proxy: Proxy(), se:cdp: ws://localhost:49619/devtoo..., se:cdpVersion: 100.0.4896.88, setWindowRect: true, strictFileInteractability: false, timeouts: {implicit: 0, pageLoad: 300000, script: 30000}, unhandledPromptBehavior: dismiss and notify, webauthn:extension:credBlob: true, webauthn:extension:largeBlob: true, webauthn:virtualAuthenticators: true}
Session ID: f40ee20c840b8795a8dd905ebedc8670
	at sun.reflect.NativeConstructorAccessorImpl.newInstance0(Native Method)
	at sun.reflect.NativeConstructorAccessorImpl.newInstance(NativeConstructorAccessorImpl.java:62)
	at sun.reflect.DelegatingConstructorAccessorImpl.newInstance(DelegatingConstructorAccessorImpl.java:45)
	at java.lang.reflect.Constructor.newInstance(Constructor.java:423)
	at org.openqa.selenium.remote.codec.w3c.W3CHttpResponseCodec.createException(W3CHttpResponseCodec.java:200)
	at org.openqa.selenium.remote.codec.w3c.W3CHttpResponseCodec.decode(W3CHttpResponseCodec.java:133)
[...]
Session ID: 18fce875b7b9bbccc190730d966e5bbc" type="org.openqa.selenium.NoSuchElementException">org.openqa.selenium.NoSuchElementException: no such element: Unable to locate element: {&quot;method&quot;:&quot;xpath&quot;,&quot;selector&quot;:&quot;//h1[.=&apos;Capture1.PNG&apos;]&quot;}
  (Session info: chrome=100.0.4896.88)
For documentation on this error, please visit: https://selenium.dev/exceptions/#no_such_element
Build info: version: &apos;4.1.2&apos;, revision: &apos;9a5a329c5a&apos;
System info: host: &apos;DESKTOP-93HN0V0&apos;, ip: &apos;192.168.100.232&apos;, os.name: &apos;Windows 10&apos;, os.arch: &apos;amd64&apos;, os.version: &apos;10.0&apos;, java.version: &apos;1.8.0_311&apos;
Driver info: org.openqa.selenium.chrome.ChromeDriver
Command: [18fce875b7b9bbccc190730d966e5bbc, findElement {using=xpath, value=//h1[.=&apos;Capture1.PNG&apos;]}]
Capabilities {acceptInsecureCerts: false, browserName: chrome, browserVersion: 100.0.4896.88, chrome: {chromedriverVersion: 100.0.4896.60 (6a5d10861ce8..., userDataDir: C:\Users\TELKOM\AppData\Loc...}, goog:chromeOptions: {debuggerAddress: localhost:63365}, javascriptEnabled: true, networkConnectionEnabled: false, pageLoadStrategy: normal, platform: WINDOWS, platformName: WINDOWS, proxy: Proxy(), se:cdp: ws://localhost:63365/devtoo..., se:cdpVersion: 100.0.4896.88, setWindowRect: true, strictFileInteractability: false, timeouts: {implicit: 0, pageLoad: 300000, script: 30000}, unhandledPromptBehavior: dismiss and notify, webauthn:extension:credBlob: true, webauthn:extension:largeBlob: true, webauthn:virtualAuthenticators: true}
Session ID: 18fce875b7b9bbccc190730d966e5bbc
	at sun.reflect.NativeConstructorAccessorImpl.newInstance0(Native Method)
	at sun.reflect.NativeConstructorAccessorImpl.newInstance(NativeConstructorAccessorImpl.java:62)
	at sun.reflect.DelegatingConstructorAccessorImpl.newInstance(DelegatingConstructorAccessorImpl.java:45)
	at java.lang.reflect.Constructor.newInstance(Constructor.java:423)
	at org.openqa.selenium.remote.codec.w3c.W3CHttpResponseCodec.createException(W3CHttpResponseCodec.java:200)
	at org.openqa.selenium.remote.codec.w3c.W3CHttpResponseCodec.decode(W3CHttpResponseCodec.java:133)
	at org.openqa.selenium.remote.codec.w3c.W3CHttpResponseCodec.decode(W3CHttpResponseCodec.java:53)
	at org.openqa.selenium.remote.HttpCommandExecutor.execute(HttpCommandExecutor.java:184)
	at org.openqa.selenium.remote.service.DriverCommandExecutor.invokeExecute(DriverCommandExecutor.java:167)
	at org.openqa.selenium.remote.service.DriverCommandExecutor.execute(DriverCommandExecutor.java:142)
	at org.openqa.selenium.remote.RemoteWebDriver.execute(RemoteWebDriver.java:558)
	at org.openqa.selenium.remote.ElementLocation$ElementFinder$2.findElement(ElementLocation.java:162)
	at org.openqa.selenium.remote.ElementLocation.findElement(ElementLocation.java:60)
	at org.openqa.selenium.remote.RemoteWebDriver.findElement(RemoteWebDriver.java:382)
	at org.openqa.selenium.remote.RemoteWebDriver.findElement(RemoteWebDriver.java:374)
	at org.openqa.selenium.support.pagefactory.DefaultElementLocator.findElement(DefaultElementLocator.java:70)
	at org.openqa.selenium.support.pagefactory.internal.LocatingElementHandler.invoke(LocatingElementHandler.java:39)
	at com.sun.proxy.$Proxy21.isDisplayed(Unknown Source)
	at pageObject.docsAndFiles.verifyFile(docsAndFiles.java:131)
	at step_definitions.featureDocsAndFiles.verifyFile(featureDocsAndFiles.java:128)
	at ✽.Then The new file by name Capture.PNG available at docs and files(features/05-DocsAndFiles.feature:48)
</error>
  </testcase>
  <testcase classname="Scenario: User archive files at docs &amp; files page" name="Scenario: User archive files at docs &amp; files page" time="0.016">
    <error message="no such element: Unable to locate element: {&quot;method&quot;:&quot;xpath&quot;,&quot;selector&quot;:&quot;//h1[.=&apos;Capture1.PNG&apos;]&quot;}
  (Session info: chrome=100.0.4896.88)
For documentation on this error, please visit: https://selenium.dev/exceptions/#no_such_element
Build info: version: &apos;4.1.2&apos;, revision: &apos;9a5a329c5a&apos;
System info: host: &apos;DESKTOP-93HN0V0&apos;, ip: &apos;192.168.100.232&apos;, os.name: &apos;Windows 10&apos;, os.arch: &apos;amd64&apos;, os.version: &apos;10.0&apos;, java.version: &apos;1.8.0_311&apos;
Driver info: org.openqa.selenium.chrome.ChromeDriver
Command: [18fce875b7b9bbccc190730d966e5bbc, findElement {using=xpath, value=//h1[.=&apos;Capture1.PNG&apos;]}]
Capabilities {acceptInsecureCerts: false, browserName: chrome, browserVersion: 100.0.4896.88, chrome: {chromedriverVersion: 100.0.4896.60 (6a5d10861ce8..., userDataDir: C:\Users\TELKOM\AppData\Loc...}, goog:chromeOptions: {debuggerAddress: localhost:63365}, javascriptEnabled: true, networkConnectionEnabled: false, pageLoadStrategy: normal, platform: WINDOWS, platformName: WINDOWS, proxy: Proxy(), se:cdp: ws://localhost:63365/devtoo..., se:cdpVersion: 100.0.4896.88, setWindowRect: true, strictFileInteractability: false, timeouts: {implicit: 0, pageLoad: 300000, script: 30000}, unhandledPromptBehavior: dismiss and notify, webauthn:extension:credBlob: true, webauthn:extension:largeBlob: true, webauthn:virtualAuthenticators: true}
Session ID: 18fce875b7b9bbccc190730d966e5bbc" type="org.openqa.selenium.NoSuchElementException">org.openqa.selenium.NoSuchElementException: no such element: Unable to locate element: {&quot;method&quot;:&quot;xpath&quot;,&quot;selector&quot;:&quot;//h1[.=&apos;Capture1.PNG&apos;]&quot;}
  (Session info: chrome=100.0.4896.88)
For documentation on this error, please visit: https://selenium.dev/exceptions/#no_such_element
Build info: version: &apos;4.1.2&apos;, revision: &apos;9a5a329c5a&apos;
System info: host: &apos;DESKTOP-93HN0V0&apos;, ip: &apos;192.168.100.232&apos;, os.name: &apos;Windows 10&apos;, os.arch: &apos;amd64&apos;, os.version: &apos;10.0&apos;, java.version: &apos;1.8.0_311&apos;
Driver info: org.openqa.selenium.chrome.ChromeDriver
Command: [18fce875b7b9bbccc190730d966e5bbc, findElement {using=xpath, value=//h1[.=&apos;Capture1.PNG&apos;]}]
Capabilities {acceptInsecureCerts: false, browserName: chrome, browserVersion: 100.0.4896.88, chrome: {chromedriverVersion: 100.0.4896.60 (6a5d10861ce8..., userDataDir: C:\Users\TELKOM\AppData\Loc...}, goog:chromeOptions: {debuggerAddress: localhost:63365}, javascriptEnabled: true, networkConnectionEnabled: false, pageLoadStrategy: normal, platform: WINDOWS, platformName: WINDOWS, proxy: Proxy(), se:cdp: ws://localhost:63365/devtoo..., se:cdpVersion: 100.0.4896.88, setWindowRect: true, strictFileInteractability: false, timeouts: {implicit: 0, pageLoad: 300000, script: 30000}, unhandledPromptBehavior: dismiss and notify, webauthn:extension:credBlob: true, webauthn:extension:largeBlob: true, webauthn:virtualAuthenticators: true}
Session ID: 18fce875b7b9bbccc190730d966e5bbc
	at sun.reflect.NativeConstructorAccessorImpl.newInstance0(Native Method)
	at sun.reflect.NativeConstructorAccessorImpl.newInstance(NativeConstructorAccessorImpl.java:62)
	at sun.reflect.DelegatingConstructorAccessorImpl.newInstance(DelegatingConstructorAccessorImpl.java:45)
	at java.lang.reflect.Constructor.newInstance(Constructor.java:423)
	at org.openqa.selenium.remote.codec.w3c.W3CHttpResponseCodec.createException(W3CHttpResponseCodec.java:200)
	at org.openqa.selenium.remote.codec.w3c.W3CHttpResponseCodec.decode(W3CHttpResponseCodec.java:133)
	at org.openqa.selenium.remote.codec.w3c.W3CHttpResponseCodec.decode(W3CHttpResponseCodec.java:53)
	at org.openqa.selenium.remote.HttpCommandExecutor.execute(HttpCommandExecutor.java:184)
	at org.openqa.selenium.remote.service.DriverCommandExecutor.invokeExecute(DriverCommandExecutor.java:167)
	at org.openqa.selenium.remote.service.DriverCommandExecutor.execute(DriverCommandExecutor.java:142)
	at org.openqa.selenium.remote.RemoteWebDriver.execute(RemoteWebDriver.java:558)
	at org.openqa.selenium.remote.ElementLocation$ElementFinder$2.findElement(ElementLocation.java:162)
	at org.openqa.selenium.remote.ElementLocation.findElement(ElementLocation.java:60)
	at org.openqa.selenium.remote.RemoteWebDriver.findElement(RemoteWebDriver.java:382)
	at org.openqa.selenium.remote.RemoteWebDriver.findElement(RemoteWebDriver.java:374)
	at org.openqa.selenium.support.pagefactory.DefaultElementLocator.findElement(DefaultElementLocator.java:70)
	at org.openqa.selenium.support.pagefactory.internal.LocatingElementHandler.invoke(LocatingElementHandler.java:39)
	at com.sun.proxy.$Proxy21.isDisplayed(Unknown Source)
	at pageObject.docsAndFiles.verifyFile(docsAndFiles.java:131)
	at step_definitions.featureDocsAndFiles.verifyFile(featureDocsAndFiles.java:128)
	at ✽.Then The new file by name Capture.PNG available at docs and files(features/05-DocsAndFiles.feature:48)
</error>
  </testcase>
  <testcase classname="Scenario: User verify button icon docs &amp; files" name="Given User at home page" time="0"/>
  <testcase classname="Scenario: User verify button icon docs &amp; files" name="And User wants to go to the docs and files page" time="0"/>
  <testcase classname="Scenario: User verify button icon docs &amp; files" name="When User enters one of the docs &amp; files" time="0">
    <error message="no such element: Unable to locate element: {&quot;method&quot;:&quot;xpath&quot;,&quot;selector&quot;:&quot;//p[.=&apos;Ini untuk selenium&apos;]&quot;}
  (Session info: chrome=100.0.4896.88)
For documentation on this error, please visit: https://selenium.dev/exceptions/#no_such_element
Build info: version: &apos;4.1.2&apos;, revision: &apos;9a5a329c5a&apos;
System info: host: &apos;DESKTOP-93HN0V0&apos;, ip: &apos;192.168.100.232&apos;, os.name: &apos;Windows 10&apos;, os.arch: &apos;amd64&apos;, os.version: &apos;10.0&apos;, java.version: &apos;1.8.0_311&apos;
Driver info: org.openqa.selenium.chrome.ChromeDriver
Command: [a78b819b153d1b011b4b1d723d84f988, findElement {using=xpath, value=//p[.=&apos;Ini untuk selenium&apos;]}]
Capabilities {acceptInsecureCerts: false, browserName: chrome, browserVersion: 100.0.4896.88, chrome: {chromedriverVersion: 100.0.4896.60 (6a5d10861ce8..., userDataDir: C:\Users\TELKOM\AppData\Loc...}, goog:chromeOptions: {debuggerAddress: localhost:64316}, javascriptEnabled: true, networkConnectionEnabled: false, pageLoadStrategy: normal, platform: WINDOWS, platformName: WINDOWS, proxy: Proxy(), se:cdp: ws://localhost:64316/devtoo..., se:cdpVersion: 100.0.4896.88, setWindowRect: true, strictFileInteractability: false, timeouts: {implicit: 0, pageLoad: 300000, script: 30000}, unhandledPromptBehavior: dismiss and notify, webauthn:extension:credBlob: true, webauthn:extension:largeBlob: true, webauthn:virtualAuthenticators: true}
Session ID: a78b819b153d1b011b4b1d723d84f988" type="org.openqa.selenium.NoSuchElementException">org.openqa.selenium.NoSuchElementException: no such element: Unable to locate element: {&quot;method&quot;:&quot;xpath&quot;,&quot;selector&quot;:&quot;//p[.=&apos;Ini untuk selenium&apos;]&quot;}
  (Session info: chrome=100.0.4896.88)
For documentation on this error, please visit: https://selenium.dev/exceptions/#no_such_element
Build info: version: &apos;4.1.2&apos;, revision: &apos;9a5a329c5a&apos;
System info: host: &apos;DESKTOP-93HN0V0&apos;, ip: &apos;192.168.100.232&apos;, os.name: &apos;Windows 10&apos;, os.arch: &apos;amd64&apos;, os.version: &apos;10.0&apos;, java.version: &apos;1.8.0_311&apos;
Driver info: org.openqa.selenium.chrome.ChromeDriver
Command: [a78b819b153d1b011b4b1d723d84f988, findElement {using=xpath, value=//p[.=&apos;Ini untuk selenium&apos;]}]
Capabilities {acceptInsecureCerts: false, browserName: chrome, browserVersion: 100.0.4896.88, chrome: {chromedriverVersion: 100.0.4896.60 (6a5d10861ce8..., userDataDir: C:\Users\TELKOM\AppData\Loc...}, goog:chromeOptions: {debuggerAddress: localhost:64316}, javascriptEnabled: true, networkConnectionEnabled: false, pageLoadStrategy: normal, platform: WINDOWS, platformName: WINDOWS, proxy: Proxy(), se:cdp: ws://localhost:64316/devtoo..., se:cdpVersion: 100.0.4896.88, setWindowRect: true, strictFileInteractability: false, timeouts: {implicit: 0, pageLoad: 300000, script: 30000}, unhandledPromptBehavior: dismiss and notify, webauthn:extension:credBlob: true, webauthn:extension:largeBlob: true, webauthn:virtualAuthenticators: true}
Session ID: a78b819b153d1b011b4b1d723d84f988
	at sun.reflect.GeneratedConstructorAccessor37.newInstance(Unknown Source)
	at sun.reflect.DelegatingConstructorAccessorImpl.newInstance(DelegatingConstructorAccessorImpl.java:45)
	at java.lang.reflect.Constructor.newInstance(Constructor.java:423)
	at org.openqa.selenium.remote.codec.w3c.W3CHttpResponseCodec.createException(W3CHttpResponseCodec.java:200)
	at org.openqa.selenium.remote.codec.w3c.W3CHttpResponseCodec.decode(W3CHttpResponseCodec.java:133)
	at org.openqa.selenium.remote.codec.w3c.W3CHttpResponseCodec.decode(W3CHttpResponseCodec.java:53)
	at org.openqa.selenium.remote.HttpCommandExecutor.execute(HttpCommandExecutor.java:184)
	at org.openqa.selenium.remote.service.DriverCommandExecutor.invokeExecute(DriverCommandExecutor.java:167)
	at org.openqa.selenium.remote.service.DriverCommandExecutor.execute(DriverCommandExecutor.java:142)
	at org.openqa.selenium.remote.RemoteWebDriver.execute(RemoteWebDriver.java:558)
	at org.openqa.selenium.remote.ElementLocation$ElementFinder$2.findElement(ElementLocation.java:162)
	at org.openqa.selenium.remote.ElementLocation.findElement(ElementLocation.java:60)
	at org.openqa.selenium.remote.RemoteWebDriver.findElement(RemoteWebDriver.java:382)
	at org.openqa.selenium.remote.RemoteWebDriver.findElement(RemoteWebDriver.java:374)
	at org.openqa.selenium.support.pagefactory.DefaultElementLocator.findElement(DefaultElementLocator.java:70)
	at org.openqa.selenium.support.pagefactory.internal.LocatingElementHandler.invoke(LocatingElementHandler.java:39)
	at com.sun.proxy.$Proxy21.click(Unknown Source)
	at pageObject.docsAndFiles.clickButtonOnceOfFile(docsAndFiles.java:85)
	at step_definitions.featureDocsAndFiles.verifyButtonIocnDocsAndFiles(featureDocsAndFiles.java:161)
	at ✽.When User enters one of the docs &amp; files(features/05-DocsAndFiles.feature:53)
</error>
  </testcase>
  <testcase classname="Scenario: User verify button icon docs &amp; files" name="Scenario: User verify button icon docs &amp; files" time="0">
    <error message="no such element: Unable to locate element: {&quot;method&quot;:&quot;xpath&quot;,&quot;selector&quot;:&quot;//p[.=&apos;Ini untuk selenium&apos;]&quot;}
  (Session info: chrome=100.0.4896.88)
For documentation on this error, please visit: https://selenium.dev/exceptions/#no_such_element
Build info: version: &apos;4.1.2&apos;, revision: &apos;9a5a329c5a&apos;
System info: host: &apos;DESKTOP-93HN0V0&apos;, ip: &apos;192.168.100.232&apos;, os.name: &apos;Windows 10&apos;, os.arch: &apos;amd64&apos;, os.version: &apos;10.0&apos;, java.version: &apos;1.8.0_311&apos;
Driver info: org.openqa.selenium.chrome.ChromeDriver
Command: [a78b819b153d1b011b4b1d723d84f988, findElement {using=xpath, value=//p[.=&apos;Ini untuk selenium&apos;]}]
Capabilities {acceptInsecureCerts: false, browserName: chrome, browserVersion: 100.0.4896.88, chrome: {chromedriverVersion: 100.0.4896.60 (6a5d10861ce8..., userDataDir: C:\Users\TELKOM\AppData\Loc...}, goog:chromeOptions: {debuggerAddress: localhost:64316}, javascriptEnabled: true, networkConnectionEnabled: false, pageLoadStrategy: normal, platform: WINDOWS, platformName: WINDOWS, proxy: Proxy(), se:cdp: ws://localhost:64316/devtoo..., se:cdpVersion: 100.0.4896.88, setWindowRect: true, strictFileInteractability: false, timeouts: {implicit: 0, pageLoad: 300000, script: 30000}, unhandledPromptBehavior: dismiss and notify, webauthn:extension:credBlob: true, webauthn:extension:largeBlob: true, webauthn:virtualAuthenticators: true}
Session ID: a78b819b153d1b011b4b1d723d84f988" type="org.openqa.selenium.NoSuchElementException">org.openqa.selenium.NoSuchElementException: no such element: Unable to locate element: {&quot;method&quot;:&quot;xpath&quot;,&quot;selector&quot;:&quot;//p[.=&apos;Ini untuk selenium&apos;]&quot;}
  (Session info: chrome=100.0.4896.88)
For documentation on this error, please visit: https://selenium.dev/exceptions/#no_such_element
Build info: version: &apos;4.1.2&apos;, revision: &apos;9a5a329c5a&apos;
System info: host: &apos;DESKTOP-93HN0V0&apos;, ip: &apos;192.168.100.232&apos;, os.name: &apos;Windows 10&apos;, os.arch: &apos;amd64&apos;, os.version: &apos;10.0&apos;, java.version: &apos;1.8.0_311&apos;
Driver info: org.openqa.selenium.chrome.ChromeDriver
Command: [a78b819b153d1b011b4b1d723d84f988, findElement {using=xpath, value=//p[.=&apos;Ini untuk selenium&apos;]}]
Capabilities {acceptInsecureCerts: false, browserName: chrome, browserVersion: 100.0.4896.88, chrome: {chromedriverVersion: 100.0.4896.60 (6a5d10861ce8..., userDataDir: C:\Users\TELKOM\AppData\Loc...}, goog:chromeOptions: {debuggerAddress: localhost:64316}, javascriptEnabled: true, networkConnectionEnabled: false, pageLoadStrategy: normal, platform: WINDOWS, platformName: WINDOWS, proxy: Proxy(), se:cdp: ws://localhost:64316/devtoo..., se:cdpVersion: 100.0.4896.88, setWindowRect: true, strictFileInteractability: false, timeouts: {implicit: 0, pageLoad: 300000, script: 30000}, unhandledPromptBehavior: dismiss and notify, webauthn:extension:credBlob: true, webauthn:extension:largeBlob: true, webauthn:virtualAuthenticators: true}
Session ID: a78b819b153d1b011b4b1d723d84f988
	at sun.reflect.GeneratedConstructorAccessor37.newInstance(Unknown Source)
	at sun.reflect.DelegatingConstructorAccessorImpl.newInstance(DelegatingConstructorAccessorImpl.java:45)
	at java.lang.reflect.Constructor.newInstance(Constructor.java:423)
	at org.openqa.selenium.remote.codec.w3c.W3CHttpResponseCodec.createException(W3CHttpResponseCodec.java:200)
	at org.openqa.selenium.remote.codec.w3c.W3CHttpResponseCodec.decode(W3CHttpResponseCodec.java:133)
	at org.openqa.selenium.remote.codec.w3c.W3CHttpResponseCodec.decode(W3CHttpResponseCodec.java:53)
	at org.openqa.selenium.remote.HttpCommandExecutor.execute(HttpCommandExecutor.java:184)
	at org.openqa.selenium.remote.service.DriverCommandExecutor.invokeExecute(DriverCommandExecutor.java:167)
	at org.openqa.selenium.remote.service.DriverCommandExecutor.execute(DriverCommandExecutor.java:142)
	at org.openqa.selenium.remote.RemoteWebDriver.execute(RemoteWebDriver.java:558)
	at org.openqa.selenium.remote.ElementLocation$ElementFinder$2.findElement(ElementLocation.java:162)
	at org.openqa.selenium.remote.ElementLocation.findElement(ElementLocation.java:60)
	at org.openqa.selenium.remote.RemoteWebDriver.findElement(RemoteWebDriver.java:382)
	at org.openqa.selenium.remote.RemoteWebDriver.findElement(RemoteWebDriver.java:374)
	at org.openqa.selenium.support.pagefactory.DefaultElementLocator.findElement(DefaultElementLocator.java:70)
	at org.openqa.selenium.support.pagefactory.internal.LocatingElementHandler.invoke(LocatingElementHandler.java:39)
	at com.sun.proxy.$Proxy21.click(Unknown Source)
	at pageObject.docsAndFiles.clickButtonOnceOfFile(docsAndFiles.java:85)
	at step_definitions.featureDocsAndFiles.verifyButtonIocnDocsAndFiles(featureDocsAndFiles.java:161)
	at ✽.When User enters one of the docs &amp; files(features/05-DocsAndFiles.feature:53)
</error>
  </testcase>
  <testcase classname="Scenario: User verify button icon docs &amp; files" name="Then User will return to the start page of docs" time="0">
    <skipped/>
  </testcase>
</testsuite>